

================================================================
== Vivado HLS Report for 'calcResidual'
================================================================
* Date:           Fri Jun 14 19:06:38 2019

* Version:        2019.1 (Build 2552052 on Fri May 24 15:28:33 MDT 2019)
* Project:        HLS_LR
* Solution:       solution1
* Product family: kintexu
* Target device:  xcku115-flvd1517-2-i


================================================================
== Performance Estimates
================================================================
+ Timing (ns): 
    * Summary: 
    +--------+-------+----------+------------+
    |  Clock | Target| Estimated| Uncertainty|
    +--------+-------+----------+------------+
    |ap_clk  |   3.12|     3.115|        0.39|
    +--------+-------+----------+------------+

+ Latency (clock cycles): 
    * Summary: 
    +-----+-----+-----+-----+---------+
    |  Latency  |  Interval | Pipeline|
    | min | max | min | max |   Type  |
    +-----+-----+-----+-----+---------+
    |    ?|    ?|    ?|    ?|   none  |
    +-----+-----+-----+-----+---------+

    + Detail: 
        * Instance: 
        +--------------------------------+---------------------+-----+-----+-----+-----+----------+
        |                                |                     |  Latency  |  Interval | Pipeline |
        |            Instance            |        Module       | min | max | min | max |   Type   |
        +--------------------------------+---------------------+-----+-----+-----+-----+----------+
        |grp_deltaPhiHLS_float_s_fu_407  |deltaPhiHLS_float_s  |   28|   28|    1|    1| function |
        |grp_push_back_1_fu_416          |push_back_1          |    7|    7|    8|    8| function |
        +--------------------------------+---------------------+-----+-----+-----+-----+----------+

        * Loop: 
        +-----------------+-----+-----+----------+-----------+-----------+------+----------+
        |                 |  Latency  | Iteration|  Initiation Interval  | Trip |          |
        |    Loop Name    | min | max |  Latency |  achieved |   target  | Count| Pipelined|
        +-----------------+-----+-----+----------+-----------+-----------+------+----------+
        |- Loop 1         |    ?|    ?|         ?|          -|          -|     ?|    no    |
        | + Loop 1.1      |    ?|    ?|         ?|          -|          -|     ?|    no    |
        |  ++ Loop 1.1.1  |    ?|    ?|         2|          -|          -|     ?|    no    |
        |  ++ Loop 1.1.2  |    ?|    ?|         2|          -|          -|     ?|    no    |
        +-----------------+-----+-----+----------+-----------+-----------+------+----------+



================================================================
== Utilization Estimates
================================================================
* Summary: 
+---------------------+---------+-------+---------+--------+-----+
|         Name        | BRAM_18K| DSP48E|    FF   |   LUT  | URAM|
+---------------------+---------+-------+---------+--------+-----+
|DSP                  |        -|      -|        -|       -|    -|
|Expression           |        -|      -|        0|     681|    -|
|FIFO                 |        -|      -|        -|       -|    -|
|Instance             |        0|     25|     5416|    4279|    -|
|Memory               |        -|      -|        -|       -|    -|
|Multiplexer          |        -|      -|        -|    1760|    -|
|Register             |        -|      -|     1401|       -|    -|
+---------------------+---------+-------+---------+--------+-----+
|Total                |        0|     25|     6817|    6720|    0|
+---------------------+---------+-------+---------+--------+-----+
|Available SLR        |     2160|   2760|   663360|  331680|    0|
+---------------------+---------+-------+---------+--------+-----+
|Utilization SLR (%)  |        0|   ~0  |        1|       2|  100|
+---------------------+---------+-------+---------+--------+-----+
|Available            |     4320|   5520|  1326720|  663360|    0|
+---------------------+---------+-------+---------+--------+-----+
|Utilization (%)      |        0|   ~0  |    ~0   |       1|    0|
+---------------------+---------+-------+---------+--------+-----+

+ Detail: 
    * Instance: 
    +--------------------------------------------------+--------------------------------------------+---------+-------+------+------+-----+
    |                     Instance                     |                   Module                   | BRAM_18K| DSP48E|  FF  |  LUT | URAM|
    +--------------------------------------------------+--------------------------------------------+---------+-------+------+------+-----+
    |LR_top_faddfsub_32ns_32ns_32_10_full_dsp_1_U1165  |LR_top_faddfsub_32ns_32ns_32_10_full_dsp_1  |        0|      2|   365|   238|    0|
    |LR_top_faddfsub_32ns_32ns_32_10_full_dsp_1_U1167  |LR_top_faddfsub_32ns_32ns_32_10_full_dsp_1  |        0|      2|   365|   238|    0|
    |LR_top_fcmp_32ns_32ns_1_3_1_U1173                 |LR_top_fcmp_32ns_32ns_1_3_1                 |        0|      0|    66|    72|    0|
    |LR_top_fdiv_32ns_32ns_32_30_1_U1172               |LR_top_fdiv_32ns_32ns_32_30_1               |        0|      0|  1436|   867|    0|
    |LR_top_fmul_32ns_32ns_32_6_max_dsp_1_U1169        |LR_top_fmul_32ns_32ns_32_6_max_dsp_1        |        0|      3|   165|   146|    0|
    |LR_top_fmul_32ns_32ns_32_6_max_dsp_1_U1170        |LR_top_fmul_32ns_32ns_32_6_max_dsp_1        |        0|      3|   165|   146|    0|
    |LR_top_fmul_32ns_32ns_32_6_max_dsp_1_U1171        |LR_top_fmul_32ns_32ns_32_6_max_dsp_1        |        0|      3|   165|   146|    0|
    |LR_top_fsub_32ns_32ns_32_10_full_dsp_1_U1166      |LR_top_fsub_32ns_32ns_32_10_full_dsp_1      |        0|      2|   365|   238|    0|
    |LR_top_fsub_32ns_32ns_32_10_full_dsp_1_U1168      |LR_top_fsub_32ns_32ns_32_10_full_dsp_1      |        0|      2|   365|   238|    0|
    |grp_deltaPhiHLS_float_s_fu_407                    |deltaPhiHLS_float_s                         |        0|      8|  1887|   887|    0|
    |grp_push_back_1_fu_416                            |push_back_1                                 |        0|      0|    72|  1063|    0|
    +--------------------------------------------------+--------------------------------------------+---------+-------+------+------+-----+
    |Total                                             |                                            |        0|     25|  5416|  4279|    0|
    +--------------------------------------------------+--------------------------------------------+---------+-------+------+------+-----+

    * DSP48E: 
    N/A

    * Memory: 
    N/A

    * FIFO: 
    N/A

    * Expression: 
    +-------------------------+----------+-------+---+----+------------+------------+
    |      Variable Name      | Operation| DSP48E| FF| LUT| Bitwidth P0| Bitwidth P1|
    +-------------------------+----------+-------+---+----+------------+------------+
    |add_ln118_fu_830_p2      |     +    |      0|  0|  17|          10|          10|
    |add_ln119_fu_844_p2      |     +    |      0|  0|  39|           1|          32|
    |add_ln139_fu_609_p2      |     +    |      0|  0|  39|           1|          32|
    |empty_18_fu_625_p2       |     +    |      0|  0|  17|          10|          10|
    |i_20_fu_794_p2           |     +    |      0|  0|  39|          32|           1|
    |i_fu_778_p2              |     +    |      0|  0|  39|          32|           1|
    |stubId_fu_644_p2         |     +    |      0|  0|  39|           1|          32|
    |and_ln32_1_fu_686_p2     |    and   |      0|  0|   2|           1|           1|
    |and_ln32_2_fu_745_p2     |    and   |      0|  0|   2|           1|           1|
    |and_ln32_fu_564_p2       |    and   |      0|  0|   2|           1|           1|
    |grp_fu_482_p2            |   icmp   |      0|  0|  20|          32|          32|
    |icmp_ln139_fu_604_p2     |   icmp   |      0|  0|  20|          32|          32|
    |icmp_ln142_fu_639_p2     |   icmp   |      0|  0|  20|          32|          32|
    |icmp_ln162_fu_615_p2     |   icmp   |      0|  0|  20|          32|           1|
    |icmp_ln202_fu_773_p2     |   icmp   |      0|  0|  20|          32|          32|
    |icmp_ln212_fu_789_p2     |   icmp   |      0|  0|  20|          32|          32|
    |icmp_ln32_3_fu_552_p2    |   icmp   |      0|  0|  20|          23|           1|
    |icmp_ln32_4_fu_668_p2    |   icmp   |      0|  0|  11|           8|           2|
    |icmp_ln32_5_fu_674_p2    |   icmp   |      0|  0|  20|          23|           1|
    |icmp_ln32_6_fu_727_p2    |   icmp   |      0|  0|  11|           8|           2|
    |icmp_ln32_7_fu_733_p2    |   icmp   |      0|  0|  20|          23|           1|
    |icmp_ln32_fu_546_p2      |   icmp   |      0|  0|  11|           8|           2|
    |or_ln32_1_fu_680_p2      |    or    |      0|  0|   2|           1|           1|
    |or_ln32_2_fu_739_p2      |    or    |      0|  0|   2|           1|           1|
    |or_ln32_fu_558_p2        |    or    |      0|  0|   2|           1|           1|
    |resid_z_2_fu_760_p3      |  select  |      0|  0|  32|           1|          32|
    |select_ln152_fu_768_p3   |  select  |      0|  0|  32|           1|          32|
    |select_ln32_1_fu_701_p3  |  select  |      0|  0|  32|           1|          32|
    |select_ln32_fu_579_p3    |  select  |      0|  0|  32|           1|          32|
    |xor_ln33_1_fu_691_p2     |    xor   |      0|  0|  33|          32|          33|
    |xor_ln33_2_fu_750_p2     |    xor   |      0|  0|  33|          32|          33|
    |xor_ln33_fu_569_p2       |    xor   |      0|  0|  33|          32|          33|
    +-------------------------+----------+-------+---+----+------------+------------+
    |Total                    |          |      0|  0| 681|         478|         521|
    +-------------------------+----------+-------+---+----+------------+------------+

    * Multiplexer: 
    +---------------------------------------------------+-----+-----------+-----+-----------+
    |                        Name                       | LUT | Input Size| Bits| Total Bits|
    +---------------------------------------------------+-----+-----------+-----+-----------+
    |LRHLS_residuals_data_first_address0                |   21|          4|    5|         20|
    |LRHLS_residuals_data_first_ce0                     |   15|          3|    1|          3|
    |LRHLS_residuals_data_first_we0                     |    9|          2|    1|          2|
    |LRHLS_residuals_data_second_data_layerId_address0  |   15|          3|    9|         27|
    |LRHLS_residuals_data_second_data_layerId_ce0       |   15|          3|    1|          3|
    |LRHLS_residuals_data_second_data_layerId_ce1       |    9|          2|    1|          2|
    |LRHLS_residuals_data_second_data_layerId_d0        |   15|          3|   32|         96|
    |LRHLS_residuals_data_second_data_layerId_we0       |   15|          3|    1|          3|
    |LRHLS_residuals_data_second_data_layerId_we1       |    9|          2|    1|          2|
    |LRHLS_residuals_data_second_data_phi_address0      |   15|          3|    9|         27|
    |LRHLS_residuals_data_second_data_phi_ce0           |   15|          3|    1|          3|
    |LRHLS_residuals_data_second_data_phi_ce1           |    9|          2|    1|          2|
    |LRHLS_residuals_data_second_data_phi_d0            |   15|          3|   32|         96|
    |LRHLS_residuals_data_second_data_phi_we0           |   15|          3|    1|          3|
    |LRHLS_residuals_data_second_data_phi_we1           |    9|          2|    1|          2|
    |LRHLS_residuals_data_second_data_ps_address0       |   15|          3|    9|         27|
    |LRHLS_residuals_data_second_data_ps_ce0            |   15|          3|    1|          3|
    |LRHLS_residuals_data_second_data_ps_ce1            |    9|          2|    1|          2|
    |LRHLS_residuals_data_second_data_ps_d0             |   15|          3|    1|          3|
    |LRHLS_residuals_data_second_data_ps_we0            |   15|          3|    1|          3|
    |LRHLS_residuals_data_second_data_ps_we1            |    9|          2|    1|          2|
    |LRHLS_residuals_data_second_data_stubId_address0   |   15|          3|    9|         27|
    |LRHLS_residuals_data_second_data_stubId_ce0        |   15|          3|    1|          3|
    |LRHLS_residuals_data_second_data_stubId_ce1        |    9|          2|    1|          2|
    |LRHLS_residuals_data_second_data_stubId_d0         |   15|          3|   32|         96|
    |LRHLS_residuals_data_second_data_stubId_we0        |   15|          3|    1|          3|
    |LRHLS_residuals_data_second_data_stubId_we1        |    9|          2|    1|          2|
    |LRHLS_residuals_data_second_data_z_address0        |   15|          3|    9|         27|
    |LRHLS_residuals_data_second_data_z_ce0             |   15|          3|    1|          3|
    |LRHLS_residuals_data_second_data_z_ce1             |    9|          2|    1|          2|
    |LRHLS_residuals_data_second_data_z_d0              |   15|          3|   32|         96|
    |LRHLS_residuals_data_second_data_z_we0             |   15|          3|    1|          3|
    |LRHLS_residuals_data_second_data_z_we1             |    9|          2|    1|          2|
    |LRHLS_residuals_data_second_size_s_address0        |   21|          4|    5|         20|
    |LRHLS_residuals_data_second_size_s_ce0             |   15|          3|    1|          3|
    |LRHLS_residuals_data_second_size_s_d0              |   15|          3|   32|         96|
    |LRHLS_residuals_data_second_size_s_we0             |   15|          3|    1|          3|
    |ap_NS_fsm                                          |  917|        213|    1|        213|
    |empty_19_reg_364                                   |    9|          2|   32|         64|
    |grp_deltaPhiHLS_float_s_fu_407_phi1                |   15|          3|   32|         96|
    |grp_fu_436_opcode                                  |   15|          3|    2|          6|
    |grp_fu_436_p0                                      |   27|          5|   32|        160|
    |grp_fu_436_p1                                      |   33|          6|   32|        192|
    |grp_fu_440_p0                                      |   15|          3|   32|         96|
    |grp_fu_440_p1                                      |   15|          3|   32|         96|
    |grp_fu_444_opcode                                  |   15|          3|    2|          6|
    |grp_fu_444_p0                                      |   15|          3|   32|         96|
    |grp_fu_444_p1                                      |   15|          3|   32|         96|
    |grp_fu_454_p1                                      |   15|          3|   32|         96|
    |grp_fu_468_p0                                      |   21|          4|   32|        128|
    |grp_fu_468_p1                                      |   21|          4|   32|        128|
    |grp_fu_473_p0                                      |   21|          4|   32|        128|
    |guard_variable_for_f_o                             |    9|          2|    1|          2|
    |guard_variable_for_f_o_ap_vld                      |    9|          2|    1|          2|
    |i_0_i_reg_374                                      |    9|          2|   32|         64|
    |i_19_reg_385                                       |    9|          2|   32|         64|
    |n_o                                                |    9|          2|   32|         64|
    |n_o_ap_vld                                         |    9|          2|    1|          2|
    |p_begin_0_rec_reg_340                              |    9|          2|   32|         64|
    |p_pn_in_i_reg_397                                  |    9|          2|   32|         64|
    |resid_stubId_reg_351                               |    9|          2|   32|         64|
    |temp_fu_86                                         |    9|          2|   32|         64|
    +---------------------------------------------------+-----+-----------+-----+-----------+
    |Total                                              | 1760|        384|  856|       2774|
    +---------------------------------------------------+-----+-----------+-----+-----------+

    * Register: 
    +---------------------------------------------+-----+----+-----+-----------+
    |                     Name                    |  FF | LUT| Bits| Const Bits|
    +---------------------------------------------+-----+----+-----+-----------+
    |LRHLS_residuals_dat_19_reg_1126              |    5|   0|    5|          0|
    |LRHLS_residuals_dat_20_reg_1131              |   32|   0|   32|          0|
    |LRHLS_stubMap_data_46_reg_943                |   32|   0|   32|          0|
    |LRHLS_stubMap_data_49_reg_970                |    9|   0|    9|          0|
    |LRHLS_stubMap_data_50_reg_976                |    9|   0|    9|          0|
    |LRHLS_stubMap_data_51_reg_981                |    9|   0|    9|          0|
    |LRHLS_stubMap_data_52_reg_1004               |   32|   0|   32|          0|
    |LRHLS_stubMap_data_53_reg_1009               |   32|   0|   32|          0|
    |LRHLS_stubMap_data_54_reg_1014               |   32|   0|   32|          0|
    |LRHLS_stubMap_data_55_reg_1019               |   32|   0|   32|          0|
    |LRHLS_stubMap_data_56_reg_1000               |    1|   0|    1|          0|
    |LRHLS_stubMap_data_s_reg_925                 |    5|   0|    5|          0|
    |add_ln118_reg_1136                           |   10|   0|   10|          0|
    |add_ln139_reg_933                            |   32|   0|   32|          0|
    |ap_CS_fsm                                    |  212|   0|  212|          0|
    |empty_19_reg_364                             |   32|   0|   32|          0|
    |grp_deltaPhiHLS_float_s_fu_407_ap_start_reg  |    1|   0|    1|          0|
    |grp_push_back_1_fu_416_ap_start_reg          |    1|   0|    1|          0|
    |i_0_i_reg_374                                |   32|   0|   32|          0|
    |i_19_reg_385                                 |   32|   0|   32|          0|
    |i_20_reg_1108                                |   32|   0|   32|          0|
    |i_reg_1091                                   |   32|   0|   32|          0|
    |icmp_ln162_reg_948                           |    1|   0|    1|          0|
    |icmp_ln202_reg_1087                          |    1|   0|    1|          0|
    |icmp_ln212_reg_1104                          |    1|   0|    1|          0|
    |p_begin_0_rec_reg_340                        |   32|   0|   32|          0|
    |p_cast2_reg_920                              |    6|   0|   10|          4|
    |p_pn_in_i_reg_397                            |   32|   0|   32|          0|
    |reg_487                                      |   32|   0|   32|          0|
    |reg_494                                      |   32|   0|   32|          0|
    |reg_499                                      |   32|   0|   32|          0|
    |reg_506                                      |   32|   0|   32|          0|
    |reg_512                                      |   32|   0|   32|          0|
    |reg_518                                      |   32|   0|   32|          0|
    |resid_layerId_reg_1060                       |   32|   0|   32|          0|
    |resid_phi_reg_1067                           |   32|   0|   32|          0|
    |resid_ps_reg_994                             |    1|   0|    1|          0|
    |resid_stubId_reg_351                         |   32|   0|   32|          0|
    |resid_z_1_reg_1072                           |   32|   0|   32|          0|
    |resid_z_2_reg_1054                           |   32|   0|   32|          0|
    |resid_z_reg_1082                             |   32|   0|   32|          0|
    |select_ln152_reg_1077                        |   32|   0|   32|          0|
    |select_ln32_1_reg_1044                       |   32|   0|   32|          0|
    |select_ln32_reg_915                          |   32|   0|   32|          0|
    |stubId_reg_989                               |   32|   0|   32|          0|
    |temp_6_reg_952                               |   32|   0|   32|          0|
    |temp_fu_86                                   |   32|   0|   32|          0|
    |tmp_14_reg_865                               |    1|   0|    1|          0|
    |tmp_16_reg_1039                              |    1|   0|    1|          0|
    |tmp_18_reg_1049                              |    1|   0|    1|          0|
    |tmp_1_reg_1034                               |   32|   0|   32|          0|
    |tmp_7_reg_1024                               |   32|   0|   32|          0|
    |tmp_8_reg_1029                               |   32|   0|   32|          0|
    |trunc_ln235_reg_1121                         |    6|   0|    6|          0|
    +---------------------------------------------+-----+----+-----+-----------+
    |Total                                        | 1401|   0| 1405|          4|
    +---------------------------------------------+-----+----+-----+-----------+



================================================================
== Interface
================================================================
* Summary: 
+--------------------------------------------------------------+-----+-----+------------+-----------------------------------------------------+--------------+
|                           RTL Ports                          | Dir | Bits|  Protocol  |                    Source Object                    |    C Type    |
+--------------------------------------------------------------+-----+-----+------------+-----------------------------------------------------+--------------+
|ap_clk                                                        |  in |    1| ap_ctrl_hs |                     calcResidual                    | return value |
|ap_rst                                                        |  in |    1| ap_ctrl_hs |                     calcResidual                    | return value |
|ap_start                                                      |  in |    1| ap_ctrl_hs |                     calcResidual                    | return value |
|ap_done                                                       | out |    1| ap_ctrl_hs |                     calcResidual                    | return value |
|ap_idle                                                       | out |    1| ap_ctrl_hs |                     calcResidual                    | return value |
|ap_ready                                                      | out |    1| ap_ctrl_hs |                     calcResidual                    | return value |
|ap_return                                                     | out |   32| ap_ctrl_hs |                     calcResidual                    | return value |
|LRHLS_settings_chosenRofPhi_read                              |  in |   32|   ap_none  |           LRHLS_settings_chosenRofPhi_read          |    scalar    |
|LRHLS_settings_chosenRofZ_read                                |  in |   32|   ap_none  |            LRHLS_settings_chosenRofZ_read           |    scalar    |
|LRHLS_residPhi_read                                           |  in |   32|   ap_none  |                 LRHLS_residPhi_read                 |    scalar    |
|LRHLS_residZ2S_read                                           |  in |   32|   ap_none  |                 LRHLS_residZ2S_read                 |    scalar    |
|LRHLS_residZPS_read                                           |  in |   32|   ap_none  |                 LRHLS_residZPS_read                 |    scalar    |
|LRHLS_HTParameter_qOverPt_read                                |  in |   32|   ap_none  |            LRHLS_HTParameter_qOverPt_read           |    scalar    |
|LRHLS_HTParameter_phiT_read                                   |  in |   32|   ap_none  |             LRHLS_HTParameter_phiT_read             |    scalar    |
|LRHLS_HTParameter_cotTheta_read                               |  in |   32|   ap_none  |           LRHLS_HTParameter_cotTheta_read           |    scalar    |
|LRHLS_HTParameter_zT_read                                     |  in |   32|   ap_none  |              LRHLS_HTParameter_zT_read              |    scalar    |
|LRHLS_stubMap_size_read                                       |  in |   32|   ap_none  |               LRHLS_stubMap_size_read               |    scalar    |
|LRHLS_stubMap_data_first_address0                             | out |    5|  ap_memory |               LRHLS_stubMap_data_first              |     array    |
|LRHLS_stubMap_data_first_ce0                                  | out |    1|  ap_memory |               LRHLS_stubMap_data_first              |     array    |
|LRHLS_stubMap_data_first_q0                                   |  in |   32|  ap_memory |               LRHLS_stubMap_data_first              |     array    |
|LRHLS_stubMap_data_second_size_s_address0                     | out |    5|  ap_memory |           LRHLS_stubMap_data_second_size_s          |     array    |
|LRHLS_stubMap_data_second_size_s_ce0                          | out |    1|  ap_memory |           LRHLS_stubMap_data_second_size_s          |     array    |
|LRHLS_stubMap_data_second_size_s_q0                           |  in |   32|  ap_memory |           LRHLS_stubMap_data_second_size_s          |     array    |
|LRHLS_stubMap_data_second_data_moduleHLS_barrel_s_address0    | out |    9|  ap_memory |  LRHLS_stubMap_data_second_data_moduleHLS_barrel_s  |     array    |
|LRHLS_stubMap_data_second_data_moduleHLS_barrel_s_ce0         | out |    1|  ap_memory |  LRHLS_stubMap_data_second_data_moduleHLS_barrel_s  |     array    |
|LRHLS_stubMap_data_second_data_moduleHLS_barrel_s_q0          |  in |    1|  ap_memory |  LRHLS_stubMap_data_second_data_moduleHLS_barrel_s  |     array    |
|LRHLS_stubMap_data_second_data_moduleHLS_psModule_s_address0  | out |    9|  ap_memory | LRHLS_stubMap_data_second_data_moduleHLS_psModule_s |     array    |
|LRHLS_stubMap_data_second_data_moduleHLS_psModule_s_ce0       | out |    1|  ap_memory | LRHLS_stubMap_data_second_data_moduleHLS_psModule_s |     array    |
|LRHLS_stubMap_data_second_data_moduleHLS_psModule_s_q0        |  in |    1|  ap_memory | LRHLS_stubMap_data_second_data_moduleHLS_psModule_s |     array    |
|LRHLS_stubMap_data_second_data_r_s_address0                   | out |    9|  ap_memory |          LRHLS_stubMap_data_second_data_r_s         |     array    |
|LRHLS_stubMap_data_second_data_r_s_ce0                        | out |    1|  ap_memory |          LRHLS_stubMap_data_second_data_r_s         |     array    |
|LRHLS_stubMap_data_second_data_r_s_q0                         |  in |   32|  ap_memory |          LRHLS_stubMap_data_second_data_r_s         |     array    |
|LRHLS_stubMap_data_second_data_r_s_address1                   | out |    9|  ap_memory |          LRHLS_stubMap_data_second_data_r_s         |     array    |
|LRHLS_stubMap_data_second_data_r_s_ce1                        | out |    1|  ap_memory |          LRHLS_stubMap_data_second_data_r_s         |     array    |
|LRHLS_stubMap_data_second_data_r_s_q1                         |  in |   32|  ap_memory |          LRHLS_stubMap_data_second_data_r_s         |     array    |
|LRHLS_stubMap_data_second_data_phi_s_address0                 | out |    9|  ap_memory |         LRHLS_stubMap_data_second_data_phi_s        |     array    |
|LRHLS_stubMap_data_second_data_phi_s_ce0                      | out |    1|  ap_memory |         LRHLS_stubMap_data_second_data_phi_s        |     array    |
|LRHLS_stubMap_data_second_data_phi_s_q0                       |  in |   32|  ap_memory |         LRHLS_stubMap_data_second_data_phi_s        |     array    |
|LRHLS_stubMap_data_second_data_z_s_address0                   | out |    9|  ap_memory |          LRHLS_stubMap_data_second_data_z_s         |     array    |
|LRHLS_stubMap_data_second_data_z_s_ce0                        | out |    1|  ap_memory |          LRHLS_stubMap_data_second_data_z_s         |     array    |
|LRHLS_stubMap_data_second_data_z_s_q0                         |  in |   32|  ap_memory |          LRHLS_stubMap_data_second_data_z_s         |     array    |
|LRHLS_residuals_data_first_address0                           | out |    5|  ap_memory |              LRHLS_residuals_data_first             |     array    |
|LRHLS_residuals_data_first_ce0                                | out |    1|  ap_memory |              LRHLS_residuals_data_first             |     array    |
|LRHLS_residuals_data_first_we0                                | out |    1|  ap_memory |              LRHLS_residuals_data_first             |     array    |
|LRHLS_residuals_data_first_d0                                 | out |   32|  ap_memory |              LRHLS_residuals_data_first             |     array    |
|LRHLS_residuals_data_first_q0                                 |  in |   32|  ap_memory |              LRHLS_residuals_data_first             |     array    |
|LRHLS_residuals_data_second_size_s_address0                   | out |    5|  ap_memory |          LRHLS_residuals_data_second_size_s         |     array    |
|LRHLS_residuals_data_second_size_s_ce0                        | out |    1|  ap_memory |          LRHLS_residuals_data_second_size_s         |     array    |
|LRHLS_residuals_data_second_size_s_we0                        | out |    1|  ap_memory |          LRHLS_residuals_data_second_size_s         |     array    |
|LRHLS_residuals_data_second_size_s_d0                         | out |   32|  ap_memory |          LRHLS_residuals_data_second_size_s         |     array    |
|LRHLS_residuals_data_second_size_s_q0                         |  in |   32|  ap_memory |          LRHLS_residuals_data_second_size_s         |     array    |
|LRHLS_residuals_data_second_data_phi_address0                 | out |    9|  ap_memory |         LRHLS_residuals_data_second_data_phi        |     array    |
|LRHLS_residuals_data_second_data_phi_ce0                      | out |    1|  ap_memory |         LRHLS_residuals_data_second_data_phi        |     array    |
|LRHLS_residuals_data_second_data_phi_we0                      | out |    1|  ap_memory |         LRHLS_residuals_data_second_data_phi        |     array    |
|LRHLS_residuals_data_second_data_phi_d0                       | out |   32|  ap_memory |         LRHLS_residuals_data_second_data_phi        |     array    |
|LRHLS_residuals_data_second_data_phi_address1                 | out |    9|  ap_memory |         LRHLS_residuals_data_second_data_phi        |     array    |
|LRHLS_residuals_data_second_data_phi_ce1                      | out |    1|  ap_memory |         LRHLS_residuals_data_second_data_phi        |     array    |
|LRHLS_residuals_data_second_data_phi_we1                      | out |    1|  ap_memory |         LRHLS_residuals_data_second_data_phi        |     array    |
|LRHLS_residuals_data_second_data_phi_d1                       | out |   32|  ap_memory |         LRHLS_residuals_data_second_data_phi        |     array    |
|LRHLS_residuals_data_second_data_z_address0                   | out |    9|  ap_memory |          LRHLS_residuals_data_second_data_z         |     array    |
|LRHLS_residuals_data_second_data_z_ce0                        | out |    1|  ap_memory |          LRHLS_residuals_data_second_data_z         |     array    |
|LRHLS_residuals_data_second_data_z_we0                        | out |    1|  ap_memory |          LRHLS_residuals_data_second_data_z         |     array    |
|LRHLS_residuals_data_second_data_z_d0                         | out |   32|  ap_memory |          LRHLS_residuals_data_second_data_z         |     array    |
|LRHLS_residuals_data_second_data_z_address1                   | out |    9|  ap_memory |          LRHLS_residuals_data_second_data_z         |     array    |
|LRHLS_residuals_data_second_data_z_ce1                        | out |    1|  ap_memory |          LRHLS_residuals_data_second_data_z         |     array    |
|LRHLS_residuals_data_second_data_z_we1                        | out |    1|  ap_memory |          LRHLS_residuals_data_second_data_z         |     array    |
|LRHLS_residuals_data_second_data_z_d1                         | out |   32|  ap_memory |          LRHLS_residuals_data_second_data_z         |     array    |
|LRHLS_residuals_data_second_data_layerId_address0             | out |    9|  ap_memory |       LRHLS_residuals_data_second_data_layerId      |     array    |
|LRHLS_residuals_data_second_data_layerId_ce0                  | out |    1|  ap_memory |       LRHLS_residuals_data_second_data_layerId      |     array    |
|LRHLS_residuals_data_second_data_layerId_we0                  | out |    1|  ap_memory |       LRHLS_residuals_data_second_data_layerId      |     array    |
|LRHLS_residuals_data_second_data_layerId_d0                   | out |   32|  ap_memory |       LRHLS_residuals_data_second_data_layerId      |     array    |
|LRHLS_residuals_data_second_data_layerId_address1             | out |    9|  ap_memory |       LRHLS_residuals_data_second_data_layerId      |     array    |
|LRHLS_residuals_data_second_data_layerId_ce1                  | out |    1|  ap_memory |       LRHLS_residuals_data_second_data_layerId      |     array    |
|LRHLS_residuals_data_second_data_layerId_we1                  | out |    1|  ap_memory |       LRHLS_residuals_data_second_data_layerId      |     array    |
|LRHLS_residuals_data_second_data_layerId_d1                   | out |   32|  ap_memory |       LRHLS_residuals_data_second_data_layerId      |     array    |
|LRHLS_residuals_data_second_data_stubId_address0              | out |    9|  ap_memory |       LRHLS_residuals_data_second_data_stubId       |     array    |
|LRHLS_residuals_data_second_data_stubId_ce0                   | out |    1|  ap_memory |       LRHLS_residuals_data_second_data_stubId       |     array    |
|LRHLS_residuals_data_second_data_stubId_we0                   | out |    1|  ap_memory |       LRHLS_residuals_data_second_data_stubId       |     array    |
|LRHLS_residuals_data_second_data_stubId_d0                    | out |   32|  ap_memory |       LRHLS_residuals_data_second_data_stubId       |     array    |
|LRHLS_residuals_data_second_data_stubId_address1              | out |    9|  ap_memory |       LRHLS_residuals_data_second_data_stubId       |     array    |
|LRHLS_residuals_data_second_data_stubId_ce1                   | out |    1|  ap_memory |       LRHLS_residuals_data_second_data_stubId       |     array    |
|LRHLS_residuals_data_second_data_stubId_we1                   | out |    1|  ap_memory |       LRHLS_residuals_data_second_data_stubId       |     array    |
|LRHLS_residuals_data_second_data_stubId_d1                    | out |   32|  ap_memory |       LRHLS_residuals_data_second_data_stubId       |     array    |
|LRHLS_residuals_data_second_data_ps_address0                  | out |    9|  ap_memory |         LRHLS_residuals_data_second_data_ps         |     array    |
|LRHLS_residuals_data_second_data_ps_ce0                       | out |    1|  ap_memory |         LRHLS_residuals_data_second_data_ps         |     array    |
|LRHLS_residuals_data_second_data_ps_we0                       | out |    1|  ap_memory |         LRHLS_residuals_data_second_data_ps         |     array    |
|LRHLS_residuals_data_second_data_ps_d0                        | out |    1|  ap_memory |         LRHLS_residuals_data_second_data_ps         |     array    |
|LRHLS_residuals_data_second_data_ps_address1                  | out |    9|  ap_memory |         LRHLS_residuals_data_second_data_ps         |     array    |
|LRHLS_residuals_data_second_data_ps_ce1                       | out |    1|  ap_memory |         LRHLS_residuals_data_second_data_ps         |     array    |
|LRHLS_residuals_data_second_data_ps_we1                       | out |    1|  ap_memory |         LRHLS_residuals_data_second_data_ps         |     array    |
|LRHLS_residuals_data_second_data_ps_d1                        | out |    1|  ap_memory |         LRHLS_residuals_data_second_data_ps         |     array    |
|guard_variable_for_f_i                                        |  in |    1|   ap_ovld  |                 guard_variable_for_f                |    pointer   |
|guard_variable_for_f_o                                        | out |    1|   ap_ovld  |                 guard_variable_for_f                |    pointer   |
|guard_variable_for_f_o_ap_vld                                 | out |    1|   ap_ovld  |                 guard_variable_for_f                |    pointer   |
|n_i                                                           |  in |   32|   ap_ovld  |                          n                          |    pointer   |
|n_o                                                           | out |   32|   ap_ovld  |                          n                          |    pointer   |
|n_o_ap_vld                                                    | out |    1|   ap_ovld  |                          n                          |    pointer   |
+--------------------------------------------------------------+-----+-----+------------+-----------------------------------------------------+--------------+

