

================================================================
== Vivado HLS Report for 'findLargestResidual'
================================================================
* Date:           Fri Jun 14 19:06:44 2019

* Version:        2019.1 (Build 2552052 on Fri May 24 15:28:33 MDT 2019)
* Project:        HLS_LR
* Solution:       solution1
* Product family: kintexu
* Target device:  xcku115-flvd1517-2-i


================================================================
== Performance Estimates
================================================================
+ Timing (ns): 
    * Summary: 
    +--------+-------+----------+------------+
    |  Clock | Target| Estimated| Uncertainty|
    +--------+-------+----------+------------+
    |ap_clk  |   3.12|     2.673|        0.39|
    +--------+-------+----------+------------+

+ Latency (clock cycles): 
    * Summary: 
    +-----+-----+-----+-----+---------+
    |  Latency  |  Interval | Pipeline|
    | min | max | min | max |   Type  |
    +-----+-----+-----+-----+---------+
    |    ?|    ?|    ?|    ?|   none  |
    +-----+-----+-----+-----+---------+

    + Detail: 
        * Instance: 
        +------------------------+-------------+-----+-----+-----+-----+----------+
        |                        |             |  Latency  |  Interval | Pipeline |
        |        Instance        |    Module   | min | max | min | max |   Type   |
        +------------------------+-------------+-----+-----+-----+-----+----------+
        |grp_push_back_fu_527    |push_back    |    7|    7|    8|    8| function |
        |grp_countLayers_fu_589  |countLayers  |    ?|    ?|    ?|    ?|   none   |
        +------------------------+-------------+-----+-----+-----+-----+----------+

        * Loop: 
        +-----------------+-----+-----+----------+-----------+-----------+------+----------+
        |                 |  Latency  | Iteration|  Initiation Interval  | Trip |          |
        |    Loop Name    | min | max |  Latency |  achieved |   target  | Count| Pipelined|
        +-----------------+-----+-----+----------+-----------+-----------+------+----------+
        |- Loop 1         |    ?|    ?|         ?|          -|          -|     ?|    no    |
        | + Loop 1.1      |    ?|    ?|         ?|          -|          -|     ?|    no    |
        |  ++ Loop 1.1.1  |    ?|    ?|         2|          -|          -|     ?|    no    |
        |  ++ Loop 1.1.2  |    ?|    ?|         2|          -|          -|     ?|    no    |
        |  ++ Loop 1.1.3  |    ?|    ?|         2|          -|          -|     ?|    no    |
        |  ++ Loop 1.1.4  |    ?|    ?|         2|          -|          -|     ?|    no    |
        +-----------------+-----+-----+----------+-----------+-----------+------+----------+



================================================================
== Utilization Estimates
================================================================
* Summary: 
+---------------------+---------+-------+---------+--------+-----+
|         Name        | BRAM_18K| DSP48E|    FF   |   LUT  | URAM|
+---------------------+---------+-------+---------+--------+-----+
|DSP                  |        -|      -|        -|       -|    -|
|Expression           |        -|      -|        0|     665|    -|
|FIFO                 |        -|      -|        -|       -|    -|
|Instance             |        0|      4|     1106|    3830|    0|
|Memory               |        -|      -|        -|       -|    -|
|Multiplexer          |        -|      -|        -|     601|    -|
|Register             |        -|      -|     1280|       -|    -|
+---------------------+---------+-------+---------+--------+-----+
|Total                |        0|      4|     2386|    5096|    0|
+---------------------+---------+-------+---------+--------+-----+
|Available SLR        |     2160|   2760|   663360|  331680|    0|
+---------------------+---------+-------+---------+--------+-----+
|Utilization SLR (%)  |        0|   ~0  |    ~0   |       1|  100|
+---------------------+---------+-------+---------+--------+-----+
|Available            |     4320|   5520|  1326720|  663360|    0|
+---------------------+---------+-------+---------+--------+-----+
|Utilization (%)      |        0|   ~0  |    ~0   |   ~0   |    0|
+---------------------+---------+-------+---------+--------+-----+

+ Detail: 
    * Instance: 
    +----------------------------------------------+----------------------------------------+---------+-------+-----+------+-----+
    |                   Instance                   |                 Module                 | BRAM_18K| DSP48E|  FF |  LUT | URAM|
    +----------------------------------------------+----------------------------------------+---------+-------+-----+------+-----+
    |LR_top_fadd_32ns_32ns_32_10_full_dsp_1_U1201  |LR_top_fadd_32ns_32ns_32_10_full_dsp_1  |        0|      2|  365|   238|    0|
    |LR_top_fadd_32ns_32ns_32_10_full_dsp_1_U1202  |LR_top_fadd_32ns_32ns_32_10_full_dsp_1  |        0|      2|  365|   238|    0|
    |LR_top_fcmp_32ns_32ns_1_3_1_U1203             |LR_top_fcmp_32ns_32ns_1_3_1             |        0|      0|   66|    72|    0|
    |grp_countLayers_fu_589                        |countLayers                             |        0|      0|  238|   371|    0|
    |grp_push_back_fu_527                          |push_back                               |        0|      0|   72|  2911|    0|
    +----------------------------------------------+----------------------------------------+---------+-------+-----+------+-----+
    |Total                                         |                                        |        0|      4| 1106|  3830|    0|
    +----------------------------------------------+----------------------------------------+---------+-------+-----+------+-----+

    * DSP48E: 
    N/A

    * Memory: 
    N/A

    * FIFO: 
    N/A

    * Expression: 
    +------------------------+----------+-------+---+----+------------+------------+
    |      Variable Name     | Operation| DSP48E| FF| LUT| Bitwidth P0| Bitwidth P1|
    +------------------------+----------+-------+---+----+------------+------------+
    |add_ln146_fu_878_p2     |     +    |      0|  0|  17|          10|          10|
    |add_ln179_fu_702_p2     |     +    |      0|  0|  39|           1|          32|
    |add_ln186_fu_820_p2     |     +    |      0|  0|  39|           1|          32|
    |add_ln197_fu_909_p2     |     +    |      0|  0|  39|          32|           1|
    |empty_16_fu_801_p2      |     +    |      0|  0|  17|          10|          10|
    |i_14_fu_852_p2          |     +    |      0|  0|  39|          32|           1|
    |i_15_fu_893_p2          |     +    |      0|  0|  39|          32|           1|
    |i_17_fu_919_p2          |     +    |      0|  0|  39|          32|           1|
    |i_fu_836_p2             |     +    |      0|  0|  39|          32|           1|
    |and_ln187_1_fu_826_p2   |    and   |      0|  0|   2|           1|           1|
    |and_ln187_fu_792_p2     |    and   |      0|  0|   2|           1|           1|
    |and_ln190_1_fu_1013_p2  |    and   |      0|  0|   2|           1|           1|
    |and_ln190_fu_1007_p2    |    and   |      0|  0|   2|           1|           1|
    |grp_fu_628_p2           |   icmp   |      0|  0|  20|          32|          32|
    |grp_fu_633_p2           |   icmp   |      0|  0|  20|          32|          32|
    |icmp_ln179_fu_697_p2    |   icmp   |      0|  0|  20|          32|          32|
    |icmp_ln184_1_fu_770_p2  |   icmp   |      0|  0|  20|          32|          32|
    |icmp_ln184_fu_764_p2    |   icmp   |      0|  0|  20|          32|           1|
    |icmp_ln186_fu_815_p2    |   icmp   |      0|  0|  20|          32|          32|
    |icmp_ln187_1_fu_787_p2  |   icmp   |      0|  0|  20|          32|          32|
    |icmp_ln187_fu_638_p2    |   icmp   |      0|  0|  20|          32|           3|
    |icmp_ln188_fu_935_p2    |   icmp   |      0|  0|  20|          32|           1|
    |icmp_ln190_1_fu_981_p2  |   icmp   |      0|  0|  20|          23|           1|
    |icmp_ln190_2_fu_987_p2  |   icmp   |      0|  0|  11|           8|           2|
    |icmp_ln190_3_fu_993_p2  |   icmp   |      0|  0|  20|          23|           1|
    |icmp_ln190_fu_975_p2    |   icmp   |      0|  0|  11|           8|           2|
    |icmp_ln202_3_fu_888_p2  |   icmp   |      0|  0|  20|          32|          32|
    |icmp_ln202_fu_831_p2    |   icmp   |      0|  0|  20|          32|          32|
    |icmp_ln212_3_fu_914_p2  |   icmp   |      0|  0|  20|          32|          32|
    |icmp_ln212_fu_847_p2    |   icmp   |      0|  0|  20|          32|          32|
    |notPurged_fu_759_p2     |   icmp   |      0|  0|  20|          32|          32|
    |or_ln184_1_fu_781_p2    |    or    |      0|  0|   2|           1|           1|
    |or_ln184_fu_775_p2      |    or    |      0|  0|   2|           1|           1|
    |or_ln190_1_fu_1003_p2   |    or    |      0|  0|   2|           1|           1|
    |or_ln190_fu_999_p2      |    or    |      0|  0|   2|           1|           1|
    +------------------------+----------+-------+---+----+------------+------------+
    |Total                   |          |      0|  0| 665|         700|         460|
    +------------------------+----------+-------+---+----+------------+------------+

    * Multiplexer: 
    +-------------------------------------------------------------+-----+-----------+-----+-----------+
    |                             Name                            | LUT | Input Size| Bits| Total Bits|
    +-------------------------------------------------------------+-----+-----------+-----+-----------+
    |LRHLS_largestResid_5_fu_148                                  |    9|          2|   32|         64|
    |LRHLS_largestResid_6_fu_144                                  |    9|          2|   32|         64|
    |LRHLS_largestResid_7_fu_140                                  |    9|          2|   32|         64|
    |LRHLS_largestResid_8_fu_136                                  |    9|          2|    1|          2|
    |LRHLS_largestResid_s_fu_152                                  |    9|          2|   32|         64|
    |LRHLS_layerPopulatio_28_reg_467                              |    9|          2|   32|         64|
    |LRHLS_layerPopulatio_31_reg_488                              |    9|          2|   32|         64|
    |LRHLS_layerPopulatio_fu_128                                  |    9|          2|   32|         64|
    |LRHLS_layerPopulation_data_first_address0                    |   21|          4|    5|         20|
    |LRHLS_layerPopulation_data_second_address0                   |   15|          3|    5|         15|
    |LRHLS_residuals_data_second_data_ps_address0                 |   15|          3|    9|         27|
    |LRHLS_stubMap_data_first_address0                            |   21|          4|    5|         20|
    |LRHLS_stubMap_data_first_ce0                                 |   15|          3|    1|          3|
    |LRHLS_stubMap_data_first_we0                                 |    9|          2|    1|          2|
    |LRHLS_stubMap_data_second_data_moduleHLS_layerId_s_address0  |   15|          3|    9|         27|
    |LRHLS_stubMap_data_second_data_moduleHLS_layerId_s_ce0       |   15|          3|    1|          3|
    |LRHLS_stubMap_data_second_data_moduleHLS_layerId_s_ce1       |    9|          2|    1|          2|
    |LRHLS_stubMap_data_second_data_moduleHLS_layerId_s_we0       |    9|          2|    1|          2|
    |LRHLS_stubMap_data_second_data_moduleHLS_layerId_s_we1       |    9|          2|    1|          2|
    |LRHLS_stubMap_size_2_reg_424                                 |    9|          2|   32|         64|
    |LRHLS_stubMap_size_3_reg_477                                 |    9|          2|   32|         64|
    |LRHLS_stubMap_size_s_fu_132                                  |    9|          2|   32|         64|
    |LRHLS_stubs_data_moduleHLS_layerId_s_ce0                     |    9|          2|    1|          2|
    |LRHLS_stubs_data_moduleHLS_psModule_s_ce0                    |    9|          2|    1|          2|
    |ap_NS_fsm                                                    |  205|         47|    1|         47|
    |ap_phi_mux_p_pn_in_i10_phi_fu_460_p4                         |    9|          2|   32|         64|
    |grp_countLayers_fu_589_onlySeed_read                         |   15|          3|    1|          3|
    |i_0_i1254_reg_434                                            |    9|          2|   32|         64|
    |i_0_i_reg_391                                                |    9|          2|   32|         64|
    |i_13_reg_402                                                 |    9|          2|   32|         64|
    |i_16_reg_445                                                 |    9|          2|   32|         64|
    |p_begin2_0_rec_reg_380                                       |    9|          2|   32|         64|
    |p_begin_0_rec_reg_369                                        |    9|          2|   32|         64|
    |p_pn_in_i10_reg_457                                          |    9|          2|   32|         64|
    |p_pn_in_i_reg_414                                            |    9|          2|   32|         64|
    |temp_3_be_reg_513                                            |   15|          3|   32|         96|
    |temp_be_reg_499                                              |   15|          3|   32|         96|
    +-------------------------------------------------------------+-----+-----------+-----+-----------+
    |Total                                                        |  601|        131|  716|       1587|
    +-------------------------------------------------------------+-----+-----------+-----+-----------+

    * Register: 
    +-------------------------------------+----+----+-----+-----------+
    |                 Name                | FF | LUT| Bits| Const Bits|
    +-------------------------------------+----+----+-----+-----------+
    |LRHLS_largestResid_5_fu_148          |  32|   0|   32|          0|
    |LRHLS_largestResid_6_fu_144          |  32|   0|   32|          0|
    |LRHLS_largestResid_7_fu_140          |  32|   0|   32|          0|
    |LRHLS_largestResid_8_fu_136          |   1|   0|    1|          0|
    |LRHLS_largestResid_s_fu_152          |  32|   0|   32|          0|
    |LRHLS_layerPopulatio_28_reg_467      |  32|   0|   32|          0|
    |LRHLS_layerPopulatio_31_reg_488      |  32|   0|   32|          0|
    |LRHLS_layerPopulatio_fu_128          |  32|   0|   32|          0|
    |LRHLS_residuals_dat_10_reg_1272      |  32|   0|   32|          0|
    |LRHLS_residuals_dat_11_reg_1340      |  32|   0|   32|          0|
    |LRHLS_residuals_dat_12_reg_1346      |  32|   0|   32|          0|
    |LRHLS_residuals_dat_2_reg_1155       |  32|   0|   32|          0|
    |LRHLS_residuals_dat_3_reg_1190       |   9|   0|    9|          0|
    |LRHLS_residuals_dat_4_reg_1195       |   9|   0|    9|          0|
    |LRHLS_residuals_dat_5_reg_1200       |   9|   0|    9|          0|
    |LRHLS_residuals_dat_6_reg_1205       |   9|   0|    9|          0|
    |LRHLS_residuals_dat_7_reg_1210       |   9|   0|    9|          0|
    |LRHLS_residuals_dat_9_reg_1227       |  32|   0|   32|          0|
    |LRHLS_residuals_dat_reg_1137         |   5|   0|    5|          0|
    |LRHLS_stubMap_data_44_reg_1287       |  32|   0|   32|          0|
    |LRHLS_stubMap_size_2_reg_424         |  32|   0|   32|          0|
    |LRHLS_stubMap_size_3_reg_477         |  32|   0|   32|          0|
    |LRHLS_stubMap_size_s_fu_132          |  32|   0|   32|          0|
    |add_ln146_reg_1277                   |  10|   0|   10|          0|
    |add_ln179_reg_1145                   |  32|   0|   32|          0|
    |add_ln186_reg_1218                   |  32|   0|   32|          0|
    |and_ln187_1_reg_1223                 |   1|   0|    1|          0|
    |and_ln187_reg_1164                   |   1|   0|    1|          0|
    |and_ln190_1_reg_1394                 |   1|   0|    1|          0|
    |ap_CS_fsm                            |  46|   0|   46|          0|
    |grp_countLayers_fu_589_ap_start_reg  |   1|   0|    1|          0|
    |grp_push_back_fu_527_ap_start_reg    |   1|   0|    1|          0|
    |i_0_i1254_reg_434                    |  32|   0|   32|          0|
    |i_0_i_reg_391                        |  32|   0|   32|          0|
    |i_13_reg_402                         |  32|   0|   32|          0|
    |i_14_reg_1254                        |  32|   0|   32|          0|
    |i_15_reg_1297                        |  32|   0|   32|          0|
    |i_16_reg_445                         |  32|   0|   32|          0|
    |i_17_reg_1319                        |  32|   0|   32|          0|
    |i_reg_1237                           |  32|   0|   32|          0|
    |icmp_ln187_reg_1127                  |   1|   0|    1|          0|
    |icmp_ln190_1_reg_1379                |   1|   0|    1|          0|
    |icmp_ln190_2_reg_1384                |   1|   0|    1|          0|
    |icmp_ln190_3_reg_1389                |   1|   0|    1|          0|
    |icmp_ln190_reg_1374                  |   1|   0|    1|          0|
    |icmp_ln202_3_reg_1293                |   1|   0|    1|          0|
    |icmp_ln202_reg_1233                  |   1|   0|    1|          0|
    |icmp_ln212_3_reg_1315                |   1|   0|    1|          0|
    |icmp_ln212_reg_1250                  |   1|   0|    1|          0|
    |or_ln184_1_reg_1160                  |   1|   0|    1|          0|
    |p_begin2_0_rec_reg_380               |  32|   0|   32|          0|
    |p_begin_0_rec_reg_369                |  32|   0|   32|          0|
    |p_cast1_reg_1132                     |   6|   0|   10|          4|
    |p_pn_in_i10_reg_457                  |  32|   0|   32|          0|
    |p_pn_in_i_reg_414                    |  32|   0|   32|          0|
    |temp_3_be_reg_513                    |  32|   0|   32|          0|
    |temp_5_reg_1169                      |  32|   0|   32|          0|
    |temp_be_reg_499                      |  32|   0|   32|          0|
    |temp_reg_1180                        |  32|   0|   32|          0|
    |tmp_i1_reg_1368                      |  32|   0|   32|          0|
    |tmp_i_reg_1362                       |  32|   0|   32|          0|
    +-------------------------------------+----+----+-----+-----------+
    |Total                                |1280|   0| 1284|          4|
    +-------------------------------------+----+----+-----+-----------+



================================================================
== Interface
================================================================
* Summary: 
+----------------------------------------------------------------------------------+-----+-----+------------+-------------------------------------------------------------------------+--------------+
|                                     RTL Ports                                    | Dir | Bits|  Protocol  |                              Source Object                              |    C Type    |
+----------------------------------------------------------------------------------+-----+-----+------------+-------------------------------------------------------------------------+--------------+
|ap_clk                                                                            |  in |    1| ap_ctrl_hs |                           findLargestResidual                           | return value |
|ap_rst                                                                            |  in |    1| ap_ctrl_hs |                           findLargestResidual                           | return value |
|ap_start                                                                          |  in |    1| ap_ctrl_hs |                           findLargestResidual                           | return value |
|ap_done                                                                           | out |    1| ap_ctrl_hs |                           findLargestResidual                           | return value |
|ap_idle                                                                           | out |    1| ap_ctrl_hs |                           findLargestResidual                           | return value |
|ap_ready                                                                          | out |    1| ap_ctrl_hs |                           findLargestResidual                           | return value |
|ap_return_0                                                                       | out |   32| ap_ctrl_hs |                           findLargestResidual                           | return value |
|ap_return_1                                                                       | out |   32| ap_ctrl_hs |                           findLargestResidual                           | return value |
|ap_return_2                                                                       | out |   32| ap_ctrl_hs |                           findLargestResidual                           | return value |
|ap_return_3                                                                       | out |   32| ap_ctrl_hs |                           findLargestResidual                           | return value |
|ap_return_4                                                                       | out |    1| ap_ctrl_hs |                           findLargestResidual                           | return value |
|ap_return_5                                                                       | out |   32| ap_ctrl_hs |                           findLargestResidual                           | return value |
|ap_return_6                                                                       | out |   32| ap_ctrl_hs |                           findLargestResidual                           | return value |
|LRHLS_numLayers_read                                                              |  in |   32|   ap_none  |                           LRHLS_numLayers_read                          |    scalar    |
|LRHLS_minLayers_read                                                              |  in |   32|   ap_none  |                           LRHLS_minLayers_read                          |    scalar    |
|LRHLS_minLayersPS_read                                                            |  in |   32|   ap_none  |                          LRHLS_minLayersPS_read                         |    scalar    |
|LRHLS_stubs_size_read                                                             |  in |   32|   ap_none  |                          LRHLS_stubs_size_read                          |    scalar    |
|LRHLS_stubs_data_moduleHLS_psModule_s_address0                                    | out |    4|  ap_memory |                  LRHLS_stubs_data_moduleHLS_psModule_s                  |     array    |
|LRHLS_stubs_data_moduleHLS_psModule_s_ce0                                         | out |    1|  ap_memory |                  LRHLS_stubs_data_moduleHLS_psModule_s                  |     array    |
|LRHLS_stubs_data_moduleHLS_psModule_s_q0                                          |  in |    1|  ap_memory |                  LRHLS_stubs_data_moduleHLS_psModule_s                  |     array    |
|LRHLS_stubs_data_moduleHLS_layerId_s_address0                                     | out |    4|  ap_memory |                   LRHLS_stubs_data_moduleHLS_layerId_s                  |     array    |
|LRHLS_stubs_data_moduleHLS_layerId_s_ce0                                          | out |    1|  ap_memory |                   LRHLS_stubs_data_moduleHLS_layerId_s                  |     array    |
|LRHLS_stubs_data_moduleHLS_layerId_s_q0                                           |  in |   32|  ap_memory |                   LRHLS_stubs_data_moduleHLS_layerId_s                  |     array    |
|LRHLS_stubMap_size_read                                                           |  in |   32|   ap_none  |                         LRHLS_stubMap_size_read                         |    scalar    |
|LRHLS_stubMap_data_first_address0                                                 | out |    5|  ap_memory |                         LRHLS_stubMap_data_first                        |     array    |
|LRHLS_stubMap_data_first_ce0                                                      | out |    1|  ap_memory |                         LRHLS_stubMap_data_first                        |     array    |
|LRHLS_stubMap_data_first_we0                                                      | out |    1|  ap_memory |                         LRHLS_stubMap_data_first                        |     array    |
|LRHLS_stubMap_data_first_d0                                                       | out |   32|  ap_memory |                         LRHLS_stubMap_data_first                        |     array    |
|LRHLS_stubMap_data_first_q0                                                       |  in |   32|  ap_memory |                         LRHLS_stubMap_data_first                        |     array    |
|LRHLS_stubMap_data_second_size_s_address0                                         | out |    5|  ap_memory |                     LRHLS_stubMap_data_second_size_s                    |     array    |
|LRHLS_stubMap_data_second_size_s_ce0                                              | out |    1|  ap_memory |                     LRHLS_stubMap_data_second_size_s                    |     array    |
|LRHLS_stubMap_data_second_size_s_we0                                              | out |    1|  ap_memory |                     LRHLS_stubMap_data_second_size_s                    |     array    |
|LRHLS_stubMap_data_second_size_s_d0                                               | out |   32|  ap_memory |                     LRHLS_stubMap_data_second_size_s                    |     array    |
|LRHLS_stubMap_data_second_data_settingsHLS_lrNumIterations_s_address0             | out |    9|  ap_memory |       LRHLS_stubMap_data_second_data_settingsHLS_lrNumIterations_s      |     array    |
|LRHLS_stubMap_data_second_data_settingsHLS_lrNumIterations_s_ce0                  | out |    1|  ap_memory |       LRHLS_stubMap_data_second_data_settingsHLS_lrNumIterations_s      |     array    |
|LRHLS_stubMap_data_second_data_settingsHLS_lrNumIterations_s_we0                  | out |    1|  ap_memory |       LRHLS_stubMap_data_second_data_settingsHLS_lrNumIterations_s      |     array    |
|LRHLS_stubMap_data_second_data_settingsHLS_lrNumIterations_s_d0                   | out |   32|  ap_memory |       LRHLS_stubMap_data_second_data_settingsHLS_lrNumIterations_s      |     array    |
|LRHLS_stubMap_data_second_data_settingsHLS_lrNumIterations_s_address1             | out |    9|  ap_memory |       LRHLS_stubMap_data_second_data_settingsHLS_lrNumIterations_s      |     array    |
|LRHLS_stubMap_data_second_data_settingsHLS_lrNumIterations_s_ce1                  | out |    1|  ap_memory |       LRHLS_stubMap_data_second_data_settingsHLS_lrNumIterations_s      |     array    |
|LRHLS_stubMap_data_second_data_settingsHLS_lrNumIterations_s_we1                  | out |    1|  ap_memory |       LRHLS_stubMap_data_second_data_settingsHLS_lrNumIterations_s      |     array    |
|LRHLS_stubMap_data_second_data_settingsHLS_lrNumIterations_s_d1                   | out |   32|  ap_memory |       LRHLS_stubMap_data_second_data_settingsHLS_lrNumIterations_s      |     array    |
|LRHLS_stubMap_data_second_data_settingsHLS_lrMinLayers_s_address0                 | out |    9|  ap_memory |         LRHLS_stubMap_data_second_data_settingsHLS_lrMinLayers_s        |     array    |
|LRHLS_stubMap_data_second_data_settingsHLS_lrMinLayers_s_ce0                      | out |    1|  ap_memory |         LRHLS_stubMap_data_second_data_settingsHLS_lrMinLayers_s        |     array    |
|LRHLS_stubMap_data_second_data_settingsHLS_lrMinLayers_s_we0                      | out |    1|  ap_memory |         LRHLS_stubMap_data_second_data_settingsHLS_lrMinLayers_s        |     array    |
|LRHLS_stubMap_data_second_data_settingsHLS_lrMinLayers_s_d0                       | out |   32|  ap_memory |         LRHLS_stubMap_data_second_data_settingsHLS_lrMinLayers_s        |     array    |
|LRHLS_stubMap_data_second_data_settingsHLS_lrMinLayers_s_address1                 | out |    9|  ap_memory |         LRHLS_stubMap_data_second_data_settingsHLS_lrMinLayers_s        |     array    |
|LRHLS_stubMap_data_second_data_settingsHLS_lrMinLayers_s_ce1                      | out |    1|  ap_memory |         LRHLS_stubMap_data_second_data_settingsHLS_lrMinLayers_s        |     array    |
|LRHLS_stubMap_data_second_data_settingsHLS_lrMinLayers_s_we1                      | out |    1|  ap_memory |         LRHLS_stubMap_data_second_data_settingsHLS_lrMinLayers_s        |     array    |
|LRHLS_stubMap_data_second_data_settingsHLS_lrMinLayers_s_d1                       | out |   32|  ap_memory |         LRHLS_stubMap_data_second_data_settingsHLS_lrMinLayers_s        |     array    |
|LRHLS_stubMap_data_second_data_settingsHLS_lrMinLayersPS_s_address0               | out |    9|  ap_memory |        LRHLS_stubMap_data_second_data_settingsHLS_lrMinLayersPS_s       |     array    |
|LRHLS_stubMap_data_second_data_settingsHLS_lrMinLayersPS_s_ce0                    | out |    1|  ap_memory |        LRHLS_stubMap_data_second_data_settingsHLS_lrMinLayersPS_s       |     array    |
|LRHLS_stubMap_data_second_data_settingsHLS_lrMinLayersPS_s_we0                    | out |    1|  ap_memory |        LRHLS_stubMap_data_second_data_settingsHLS_lrMinLayersPS_s       |     array    |
|LRHLS_stubMap_data_second_data_settingsHLS_lrMinLayersPS_s_d0                     | out |   32|  ap_memory |        LRHLS_stubMap_data_second_data_settingsHLS_lrMinLayersPS_s       |     array    |
|LRHLS_stubMap_data_second_data_settingsHLS_lrMinLayersPS_s_address1               | out |    9|  ap_memory |        LRHLS_stubMap_data_second_data_settingsHLS_lrMinLayersPS_s       |     array    |
|LRHLS_stubMap_data_second_data_settingsHLS_lrMinLayersPS_s_ce1                    | out |    1|  ap_memory |        LRHLS_stubMap_data_second_data_settingsHLS_lrMinLayersPS_s       |     array    |
|LRHLS_stubMap_data_second_data_settingsHLS_lrMinLayersPS_s_we1                    | out |    1|  ap_memory |        LRHLS_stubMap_data_second_data_settingsHLS_lrMinLayersPS_s       |     array    |
|LRHLS_stubMap_data_second_data_settingsHLS_lrMinLayersPS_s_d1                     | out |   32|  ap_memory |        LRHLS_stubMap_data_second_data_settingsHLS_lrMinLayersPS_s       |     array    |
|LRHLS_stubMap_data_second_data_settingsHLS_lrResidPhi_s_address0                  | out |    9|  ap_memory |         LRHLS_stubMap_data_second_data_settingsHLS_lrResidPhi_s         |     array    |
|LRHLS_stubMap_data_second_data_settingsHLS_lrResidPhi_s_ce0                       | out |    1|  ap_memory |         LRHLS_stubMap_data_second_data_settingsHLS_lrResidPhi_s         |     array    |
|LRHLS_stubMap_data_second_data_settingsHLS_lrResidPhi_s_we0                       | out |    1|  ap_memory |         LRHLS_stubMap_data_second_data_settingsHLS_lrResidPhi_s         |     array    |
|LRHLS_stubMap_data_second_data_settingsHLS_lrResidPhi_s_d0                        | out |   32|  ap_memory |         LRHLS_stubMap_data_second_data_settingsHLS_lrResidPhi_s         |     array    |
|LRHLS_stubMap_data_second_data_settingsHLS_lrResidPhi_s_address1                  | out |    9|  ap_memory |         LRHLS_stubMap_data_second_data_settingsHLS_lrResidPhi_s         |     array    |
|LRHLS_stubMap_data_second_data_settingsHLS_lrResidPhi_s_ce1                       | out |    1|  ap_memory |         LRHLS_stubMap_data_second_data_settingsHLS_lrResidPhi_s         |     array    |
|LRHLS_stubMap_data_second_data_settingsHLS_lrResidPhi_s_we1                       | out |    1|  ap_memory |         LRHLS_stubMap_data_second_data_settingsHLS_lrResidPhi_s         |     array    |
|LRHLS_stubMap_data_second_data_settingsHLS_lrResidPhi_s_d1                        | out |   32|  ap_memory |         LRHLS_stubMap_data_second_data_settingsHLS_lrResidPhi_s         |     array    |
|LRHLS_stubMap_data_second_data_settingsHLS_lrResidZ2S_s_address0                  | out |    9|  ap_memory |         LRHLS_stubMap_data_second_data_settingsHLS_lrResidZ2S_s         |     array    |
|LRHLS_stubMap_data_second_data_settingsHLS_lrResidZ2S_s_ce0                       | out |    1|  ap_memory |         LRHLS_stubMap_data_second_data_settingsHLS_lrResidZ2S_s         |     array    |
|LRHLS_stubMap_data_second_data_settingsHLS_lrResidZ2S_s_we0                       | out |    1|  ap_memory |         LRHLS_stubMap_data_second_data_settingsHLS_lrResidZ2S_s         |     array    |
|LRHLS_stubMap_data_second_data_settingsHLS_lrResidZ2S_s_d0                        | out |   32|  ap_memory |         LRHLS_stubMap_data_second_data_settingsHLS_lrResidZ2S_s         |     array    |
|LRHLS_stubMap_data_second_data_settingsHLS_lrResidZ2S_s_address1                  | out |    9|  ap_memory |         LRHLS_stubMap_data_second_data_settingsHLS_lrResidZ2S_s         |     array    |
|LRHLS_stubMap_data_second_data_settingsHLS_lrResidZ2S_s_ce1                       | out |    1|  ap_memory |         LRHLS_stubMap_data_second_data_settingsHLS_lrResidZ2S_s         |     array    |
|LRHLS_stubMap_data_second_data_settingsHLS_lrResidZ2S_s_we1                       | out |    1|  ap_memory |         LRHLS_stubMap_data_second_data_settingsHLS_lrResidZ2S_s         |     array    |
|LRHLS_stubMap_data_second_data_settingsHLS_lrResidZ2S_s_d1                        | out |   32|  ap_memory |         LRHLS_stubMap_data_second_data_settingsHLS_lrResidZ2S_s         |     array    |
|LRHLS_stubMap_data_second_data_settingsHLS_lrResidZPS_s_address0                  | out |    9|  ap_memory |         LRHLS_stubMap_data_second_data_settingsHLS_lrResidZPS_s         |     array    |
|LRHLS_stubMap_data_second_data_settingsHLS_lrResidZPS_s_ce0                       | out |    1|  ap_memory |         LRHLS_stubMap_data_second_data_settingsHLS_lrResidZPS_s         |     array    |
|LRHLS_stubMap_data_second_data_settingsHLS_lrResidZPS_s_we0                       | out |    1|  ap_memory |         LRHLS_stubMap_data_second_data_settingsHLS_lrResidZPS_s         |     array    |
|LRHLS_stubMap_data_second_data_settingsHLS_lrResidZPS_s_d0                        | out |   32|  ap_memory |         LRHLS_stubMap_data_second_data_settingsHLS_lrResidZPS_s         |     array    |
|LRHLS_stubMap_data_second_data_settingsHLS_lrResidZPS_s_address1                  | out |    9|  ap_memory |         LRHLS_stubMap_data_second_data_settingsHLS_lrResidZPS_s         |     array    |
|LRHLS_stubMap_data_second_data_settingsHLS_lrResidZPS_s_ce1                       | out |    1|  ap_memory |         LRHLS_stubMap_data_second_data_settingsHLS_lrResidZPS_s         |     array    |
|LRHLS_stubMap_data_second_data_settingsHLS_lrResidZPS_s_we1                       | out |    1|  ap_memory |         LRHLS_stubMap_data_second_data_settingsHLS_lrResidZPS_s         |     array    |
|LRHLS_stubMap_data_second_data_settingsHLS_lrResidZPS_s_d1                        | out |   32|  ap_memory |         LRHLS_stubMap_data_second_data_settingsHLS_lrResidZPS_s         |     array    |
|LRHLS_stubMap_data_second_data_settingsHLS_chosenRofPhi_s_address0                | out |    9|  ap_memory |        LRHLS_stubMap_data_second_data_settingsHLS_chosenRofPhi_s        |     array    |
|LRHLS_stubMap_data_second_data_settingsHLS_chosenRofPhi_s_ce0                     | out |    1|  ap_memory |        LRHLS_stubMap_data_second_data_settingsHLS_chosenRofPhi_s        |     array    |
|LRHLS_stubMap_data_second_data_settingsHLS_chosenRofPhi_s_we0                     | out |    1|  ap_memory |        LRHLS_stubMap_data_second_data_settingsHLS_chosenRofPhi_s        |     array    |
|LRHLS_stubMap_data_second_data_settingsHLS_chosenRofPhi_s_d0                      | out |   32|  ap_memory |        LRHLS_stubMap_data_second_data_settingsHLS_chosenRofPhi_s        |     array    |
|LRHLS_stubMap_data_second_data_settingsHLS_chosenRofPhi_s_address1                | out |    9|  ap_memory |        LRHLS_stubMap_data_second_data_settingsHLS_chosenRofPhi_s        |     array    |
|LRHLS_stubMap_data_second_data_settingsHLS_chosenRofPhi_s_ce1                     | out |    1|  ap_memory |        LRHLS_stubMap_data_second_data_settingsHLS_chosenRofPhi_s        |     array    |
|LRHLS_stubMap_data_second_data_settingsHLS_chosenRofPhi_s_we1                     | out |    1|  ap_memory |        LRHLS_stubMap_data_second_data_settingsHLS_chosenRofPhi_s        |     array    |
|LRHLS_stubMap_data_second_data_settingsHLS_chosenRofPhi_s_d1                      | out |   32|  ap_memory |        LRHLS_stubMap_data_second_data_settingsHLS_chosenRofPhi_s        |     array    |
|LRHLS_stubMap_data_second_data_settingsHLS_chosenRofZ_s_address0                  | out |    9|  ap_memory |         LRHLS_stubMap_data_second_data_settingsHLS_chosenRofZ_s         |     array    |
|LRHLS_stubMap_data_second_data_settingsHLS_chosenRofZ_s_ce0                       | out |    1|  ap_memory |         LRHLS_stubMap_data_second_data_settingsHLS_chosenRofZ_s         |     array    |
|LRHLS_stubMap_data_second_data_settingsHLS_chosenRofZ_s_we0                       | out |    1|  ap_memory |         LRHLS_stubMap_data_second_data_settingsHLS_chosenRofZ_s         |     array    |
|LRHLS_stubMap_data_second_data_settingsHLS_chosenRofZ_s_d0                        | out |   32|  ap_memory |         LRHLS_stubMap_data_second_data_settingsHLS_chosenRofZ_s         |     array    |
|LRHLS_stubMap_data_second_data_settingsHLS_chosenRofZ_s_address1                  | out |    9|  ap_memory |         LRHLS_stubMap_data_second_data_settingsHLS_chosenRofZ_s         |     array    |
|LRHLS_stubMap_data_second_data_settingsHLS_chosenRofZ_s_ce1                       | out |    1|  ap_memory |         LRHLS_stubMap_data_second_data_settingsHLS_chosenRofZ_s         |     array    |
|LRHLS_stubMap_data_second_data_settingsHLS_chosenRofZ_s_we1                       | out |    1|  ap_memory |         LRHLS_stubMap_data_second_data_settingsHLS_chosenRofZ_s         |     array    |
|LRHLS_stubMap_data_second_data_settingsHLS_chosenRofZ_s_d1                        | out |   32|  ap_memory |         LRHLS_stubMap_data_second_data_settingsHLS_chosenRofZ_s         |     array    |
|LRHLS_stubMap_data_second_data_settingsHLS_invPtToDphi_s_address0                 | out |    9|  ap_memory |         LRHLS_stubMap_data_second_data_settingsHLS_invPtToDphi_s        |     array    |
|LRHLS_stubMap_data_second_data_settingsHLS_invPtToDphi_s_ce0                      | out |    1|  ap_memory |         LRHLS_stubMap_data_second_data_settingsHLS_invPtToDphi_s        |     array    |
|LRHLS_stubMap_data_second_data_settingsHLS_invPtToDphi_s_we0                      | out |    1|  ap_memory |         LRHLS_stubMap_data_second_data_settingsHLS_invPtToDphi_s        |     array    |
|LRHLS_stubMap_data_second_data_settingsHLS_invPtToDphi_s_d0                       | out |   32|  ap_memory |         LRHLS_stubMap_data_second_data_settingsHLS_invPtToDphi_s        |     array    |
|LRHLS_stubMap_data_second_data_settingsHLS_invPtToDphi_s_address1                 | out |    9|  ap_memory |         LRHLS_stubMap_data_second_data_settingsHLS_invPtToDphi_s        |     array    |
|LRHLS_stubMap_data_second_data_settingsHLS_invPtToDphi_s_ce1                      | out |    1|  ap_memory |         LRHLS_stubMap_data_second_data_settingsHLS_invPtToDphi_s        |     array    |
|LRHLS_stubMap_data_second_data_settingsHLS_invPtToDphi_s_we1                      | out |    1|  ap_memory |         LRHLS_stubMap_data_second_data_settingsHLS_invPtToDphi_s        |     array    |
|LRHLS_stubMap_data_second_data_settingsHLS_invPtToDphi_s_d1                       | out |   32|  ap_memory |         LRHLS_stubMap_data_second_data_settingsHLS_invPtToDphi_s        |     array    |
|LRHLS_stubMap_data_second_data_settingsHLS_trackerNumLayers_s_address0            | out |    9|  ap_memory |      LRHLS_stubMap_data_second_data_settingsHLS_trackerNumLayers_s      |     array    |
|LRHLS_stubMap_data_second_data_settingsHLS_trackerNumLayers_s_ce0                 | out |    1|  ap_memory |      LRHLS_stubMap_data_second_data_settingsHLS_trackerNumLayers_s      |     array    |
|LRHLS_stubMap_data_second_data_settingsHLS_trackerNumLayers_s_we0                 | out |    1|  ap_memory |      LRHLS_stubMap_data_second_data_settingsHLS_trackerNumLayers_s      |     array    |
|LRHLS_stubMap_data_second_data_settingsHLS_trackerNumLayers_s_d0                  | out |   32|  ap_memory |      LRHLS_stubMap_data_second_data_settingsHLS_trackerNumLayers_s      |     array    |
|LRHLS_stubMap_data_second_data_settingsHLS_trackerNumLayers_s_address1            | out |    9|  ap_memory |      LRHLS_stubMap_data_second_data_settingsHLS_trackerNumLayers_s      |     array    |
|LRHLS_stubMap_data_second_data_settingsHLS_trackerNumLayers_s_ce1                 | out |    1|  ap_memory |      LRHLS_stubMap_data_second_data_settingsHLS_trackerNumLayers_s      |     array    |
|LRHLS_stubMap_data_second_data_settingsHLS_trackerNumLayers_s_we1                 | out |    1|  ap_memory |      LRHLS_stubMap_data_second_data_settingsHLS_trackerNumLayers_s      |     array    |
|LRHLS_stubMap_data_second_data_settingsHLS_trackerNumLayers_s_d1                  | out |   32|  ap_memory |      LRHLS_stubMap_data_second_data_settingsHLS_trackerNumLayers_s      |     array    |
|LRHLS_stubMap_data_second_data_moduleHLS_settingsHLS_lrNumIterations_s_address0   | out |    9|  ap_memory |  LRHLS_stubMap_data_second_data_moduleHLS_settingsHLS_lrNumIterations_s |     array    |
|LRHLS_stubMap_data_second_data_moduleHLS_settingsHLS_lrNumIterations_s_ce0        | out |    1|  ap_memory |  LRHLS_stubMap_data_second_data_moduleHLS_settingsHLS_lrNumIterations_s |     array    |
|LRHLS_stubMap_data_second_data_moduleHLS_settingsHLS_lrNumIterations_s_we0        | out |    1|  ap_memory |  LRHLS_stubMap_data_second_data_moduleHLS_settingsHLS_lrNumIterations_s |     array    |
|LRHLS_stubMap_data_second_data_moduleHLS_settingsHLS_lrNumIterations_s_d0         | out |   32|  ap_memory |  LRHLS_stubMap_data_second_data_moduleHLS_settingsHLS_lrNumIterations_s |     array    |
|LRHLS_stubMap_data_second_data_moduleHLS_settingsHLS_lrNumIterations_s_address1   | out |    9|  ap_memory |  LRHLS_stubMap_data_second_data_moduleHLS_settingsHLS_lrNumIterations_s |     array    |
|LRHLS_stubMap_data_second_data_moduleHLS_settingsHLS_lrNumIterations_s_ce1        | out |    1|  ap_memory |  LRHLS_stubMap_data_second_data_moduleHLS_settingsHLS_lrNumIterations_s |     array    |
|LRHLS_stubMap_data_second_data_moduleHLS_settingsHLS_lrNumIterations_s_we1        | out |    1|  ap_memory |  LRHLS_stubMap_data_second_data_moduleHLS_settingsHLS_lrNumIterations_s |     array    |
|LRHLS_stubMap_data_second_data_moduleHLS_settingsHLS_lrNumIterations_s_d1         | out |   32|  ap_memory |  LRHLS_stubMap_data_second_data_moduleHLS_settingsHLS_lrNumIterations_s |     array    |
|LRHLS_stubMap_data_second_data_moduleHLS_settingsHLS_lrMinLayers_s_address0       | out |    9|  ap_memory |    LRHLS_stubMap_data_second_data_moduleHLS_settingsHLS_lrMinLayers_s   |     array    |
|LRHLS_stubMap_data_second_data_moduleHLS_settingsHLS_lrMinLayers_s_ce0            | out |    1|  ap_memory |    LRHLS_stubMap_data_second_data_moduleHLS_settingsHLS_lrMinLayers_s   |     array    |
|LRHLS_stubMap_data_second_data_moduleHLS_settingsHLS_lrMinLayers_s_we0            | out |    1|  ap_memory |    LRHLS_stubMap_data_second_data_moduleHLS_settingsHLS_lrMinLayers_s   |     array    |
|LRHLS_stubMap_data_second_data_moduleHLS_settingsHLS_lrMinLayers_s_d0             | out |   32|  ap_memory |    LRHLS_stubMap_data_second_data_moduleHLS_settingsHLS_lrMinLayers_s   |     array    |
|LRHLS_stubMap_data_second_data_moduleHLS_settingsHLS_lrMinLayers_s_address1       | out |    9|  ap_memory |    LRHLS_stubMap_data_second_data_moduleHLS_settingsHLS_lrMinLayers_s   |     array    |
|LRHLS_stubMap_data_second_data_moduleHLS_settingsHLS_lrMinLayers_s_ce1            | out |    1|  ap_memory |    LRHLS_stubMap_data_second_data_moduleHLS_settingsHLS_lrMinLayers_s   |     array    |
|LRHLS_stubMap_data_second_data_moduleHLS_settingsHLS_lrMinLayers_s_we1            | out |    1|  ap_memory |    LRHLS_stubMap_data_second_data_moduleHLS_settingsHLS_lrMinLayers_s   |     array    |
|LRHLS_stubMap_data_second_data_moduleHLS_settingsHLS_lrMinLayers_s_d1             | out |   32|  ap_memory |    LRHLS_stubMap_data_second_data_moduleHLS_settingsHLS_lrMinLayers_s   |     array    |
|LRHLS_stubMap_data_second_data_moduleHLS_settingsHLS_lrMinLayersPS_s_address0     | out |    9|  ap_memory |   LRHLS_stubMap_data_second_data_moduleHLS_settingsHLS_lrMinLayersPS_s  |     array    |
|LRHLS_stubMap_data_second_data_moduleHLS_settingsHLS_lrMinLayersPS_s_ce0          | out |    1|  ap_memory |   LRHLS_stubMap_data_second_data_moduleHLS_settingsHLS_lrMinLayersPS_s  |     array    |
|LRHLS_stubMap_data_second_data_moduleHLS_settingsHLS_lrMinLayersPS_s_we0          | out |    1|  ap_memory |   LRHLS_stubMap_data_second_data_moduleHLS_settingsHLS_lrMinLayersPS_s  |     array    |
|LRHLS_stubMap_data_second_data_moduleHLS_settingsHLS_lrMinLayersPS_s_d0           | out |   32|  ap_memory |   LRHLS_stubMap_data_second_data_moduleHLS_settingsHLS_lrMinLayersPS_s  |     array    |
|LRHLS_stubMap_data_second_data_moduleHLS_settingsHLS_lrMinLayersPS_s_address1     | out |    9|  ap_memory |   LRHLS_stubMap_data_second_data_moduleHLS_settingsHLS_lrMinLayersPS_s  |     array    |
|LRHLS_stubMap_data_second_data_moduleHLS_settingsHLS_lrMinLayersPS_s_ce1          | out |    1|  ap_memory |   LRHLS_stubMap_data_second_data_moduleHLS_settingsHLS_lrMinLayersPS_s  |     array    |
|LRHLS_stubMap_data_second_data_moduleHLS_settingsHLS_lrMinLayersPS_s_we1          | out |    1|  ap_memory |   LRHLS_stubMap_data_second_data_moduleHLS_settingsHLS_lrMinLayersPS_s  |     array    |
|LRHLS_stubMap_data_second_data_moduleHLS_settingsHLS_lrMinLayersPS_s_d1           | out |   32|  ap_memory |   LRHLS_stubMap_data_second_data_moduleHLS_settingsHLS_lrMinLayersPS_s  |     array    |
|LRHLS_stubMap_data_second_data_moduleHLS_settingsHLS_lrResidPhi_s_address0        | out |    9|  ap_memory |    LRHLS_stubMap_data_second_data_moduleHLS_settingsHLS_lrResidPhi_s    |     array    |
|LRHLS_stubMap_data_second_data_moduleHLS_settingsHLS_lrResidPhi_s_ce0             | out |    1|  ap_memory |    LRHLS_stubMap_data_second_data_moduleHLS_settingsHLS_lrResidPhi_s    |     array    |
|LRHLS_stubMap_data_second_data_moduleHLS_settingsHLS_lrResidPhi_s_we0             | out |    1|  ap_memory |    LRHLS_stubMap_data_second_data_moduleHLS_settingsHLS_lrResidPhi_s    |     array    |
|LRHLS_stubMap_data_second_data_moduleHLS_settingsHLS_lrResidPhi_s_d0              | out |   32|  ap_memory |    LRHLS_stubMap_data_second_data_moduleHLS_settingsHLS_lrResidPhi_s    |     array    |
|LRHLS_stubMap_data_second_data_moduleHLS_settingsHLS_lrResidPhi_s_address1        | out |    9|  ap_memory |    LRHLS_stubMap_data_second_data_moduleHLS_settingsHLS_lrResidPhi_s    |     array    |
|LRHLS_stubMap_data_second_data_moduleHLS_settingsHLS_lrResidPhi_s_ce1             | out |    1|  ap_memory |    LRHLS_stubMap_data_second_data_moduleHLS_settingsHLS_lrResidPhi_s    |     array    |
|LRHLS_stubMap_data_second_data_moduleHLS_settingsHLS_lrResidPhi_s_we1             | out |    1|  ap_memory |    LRHLS_stubMap_data_second_data_moduleHLS_settingsHLS_lrResidPhi_s    |     array    |
|LRHLS_stubMap_data_second_data_moduleHLS_settingsHLS_lrResidPhi_s_d1              | out |   32|  ap_memory |    LRHLS_stubMap_data_second_data_moduleHLS_settingsHLS_lrResidPhi_s    |     array    |
|LRHLS_stubMap_data_second_data_moduleHLS_settingsHLS_lrResidZ2S_s_address0        | out |    9|  ap_memory |    LRHLS_stubMap_data_second_data_moduleHLS_settingsHLS_lrResidZ2S_s    |     array    |
|LRHLS_stubMap_data_second_data_moduleHLS_settingsHLS_lrResidZ2S_s_ce0             | out |    1|  ap_memory |    LRHLS_stubMap_data_second_data_moduleHLS_settingsHLS_lrResidZ2S_s    |     array    |
|LRHLS_stubMap_data_second_data_moduleHLS_settingsHLS_lrResidZ2S_s_we0             | out |    1|  ap_memory |    LRHLS_stubMap_data_second_data_moduleHLS_settingsHLS_lrResidZ2S_s    |     array    |
|LRHLS_stubMap_data_second_data_moduleHLS_settingsHLS_lrResidZ2S_s_d0              | out |   32|  ap_memory |    LRHLS_stubMap_data_second_data_moduleHLS_settingsHLS_lrResidZ2S_s    |     array    |
|LRHLS_stubMap_data_second_data_moduleHLS_settingsHLS_lrResidZ2S_s_address1        | out |    9|  ap_memory |    LRHLS_stubMap_data_second_data_moduleHLS_settingsHLS_lrResidZ2S_s    |     array    |
|LRHLS_stubMap_data_second_data_moduleHLS_settingsHLS_lrResidZ2S_s_ce1             | out |    1|  ap_memory |    LRHLS_stubMap_data_second_data_moduleHLS_settingsHLS_lrResidZ2S_s    |     array    |
|LRHLS_stubMap_data_second_data_moduleHLS_settingsHLS_lrResidZ2S_s_we1             | out |    1|  ap_memory |    LRHLS_stubMap_data_second_data_moduleHLS_settingsHLS_lrResidZ2S_s    |     array    |
|LRHLS_stubMap_data_second_data_moduleHLS_settingsHLS_lrResidZ2S_s_d1              | out |   32|  ap_memory |    LRHLS_stubMap_data_second_data_moduleHLS_settingsHLS_lrResidZ2S_s    |     array    |
|LRHLS_stubMap_data_second_data_moduleHLS_settingsHLS_lrResidZPS_s_address0        | out |    9|  ap_memory |    LRHLS_stubMap_data_second_data_moduleHLS_settingsHLS_lrResidZPS_s    |     array    |
|LRHLS_stubMap_data_second_data_moduleHLS_settingsHLS_lrResidZPS_s_ce0             | out |    1|  ap_memory |    LRHLS_stubMap_data_second_data_moduleHLS_settingsHLS_lrResidZPS_s    |     array    |
|LRHLS_stubMap_data_second_data_moduleHLS_settingsHLS_lrResidZPS_s_we0             | out |    1|  ap_memory |    LRHLS_stubMap_data_second_data_moduleHLS_settingsHLS_lrResidZPS_s    |     array    |
|LRHLS_stubMap_data_second_data_moduleHLS_settingsHLS_lrResidZPS_s_d0              | out |   32|  ap_memory |    LRHLS_stubMap_data_second_data_moduleHLS_settingsHLS_lrResidZPS_s    |     array    |
|LRHLS_stubMap_data_second_data_moduleHLS_settingsHLS_lrResidZPS_s_address1        | out |    9|  ap_memory |    LRHLS_stubMap_data_second_data_moduleHLS_settingsHLS_lrResidZPS_s    |     array    |
|LRHLS_stubMap_data_second_data_moduleHLS_settingsHLS_lrResidZPS_s_ce1             | out |    1|  ap_memory |    LRHLS_stubMap_data_second_data_moduleHLS_settingsHLS_lrResidZPS_s    |     array    |
|LRHLS_stubMap_data_second_data_moduleHLS_settingsHLS_lrResidZPS_s_we1             | out |    1|  ap_memory |    LRHLS_stubMap_data_second_data_moduleHLS_settingsHLS_lrResidZPS_s    |     array    |
|LRHLS_stubMap_data_second_data_moduleHLS_settingsHLS_lrResidZPS_s_d1              | out |   32|  ap_memory |    LRHLS_stubMap_data_second_data_moduleHLS_settingsHLS_lrResidZPS_s    |     array    |
|LRHLS_stubMap_data_second_data_moduleHLS_settingsHLS_chosenRofPhi_s_address0      | out |    9|  ap_memory |   LRHLS_stubMap_data_second_data_moduleHLS_settingsHLS_chosenRofPhi_s   |     array    |
|LRHLS_stubMap_data_second_data_moduleHLS_settingsHLS_chosenRofPhi_s_ce0           | out |    1|  ap_memory |   LRHLS_stubMap_data_second_data_moduleHLS_settingsHLS_chosenRofPhi_s   |     array    |
|LRHLS_stubMap_data_second_data_moduleHLS_settingsHLS_chosenRofPhi_s_we0           | out |    1|  ap_memory |   LRHLS_stubMap_data_second_data_moduleHLS_settingsHLS_chosenRofPhi_s   |     array    |
|LRHLS_stubMap_data_second_data_moduleHLS_settingsHLS_chosenRofPhi_s_d0            | out |   32|  ap_memory |   LRHLS_stubMap_data_second_data_moduleHLS_settingsHLS_chosenRofPhi_s   |     array    |
|LRHLS_stubMap_data_second_data_moduleHLS_settingsHLS_chosenRofPhi_s_address1      | out |    9|  ap_memory |   LRHLS_stubMap_data_second_data_moduleHLS_settingsHLS_chosenRofPhi_s   |     array    |
|LRHLS_stubMap_data_second_data_moduleHLS_settingsHLS_chosenRofPhi_s_ce1           | out |    1|  ap_memory |   LRHLS_stubMap_data_second_data_moduleHLS_settingsHLS_chosenRofPhi_s   |     array    |
|LRHLS_stubMap_data_second_data_moduleHLS_settingsHLS_chosenRofPhi_s_we1           | out |    1|  ap_memory |   LRHLS_stubMap_data_second_data_moduleHLS_settingsHLS_chosenRofPhi_s   |     array    |
|LRHLS_stubMap_data_second_data_moduleHLS_settingsHLS_chosenRofPhi_s_d1            | out |   32|  ap_memory |   LRHLS_stubMap_data_second_data_moduleHLS_settingsHLS_chosenRofPhi_s   |     array    |
|LRHLS_stubMap_data_second_data_moduleHLS_settingsHLS_chosenRofZ_s_address0        | out |    9|  ap_memory |    LRHLS_stubMap_data_second_data_moduleHLS_settingsHLS_chosenRofZ_s    |     array    |
|LRHLS_stubMap_data_second_data_moduleHLS_settingsHLS_chosenRofZ_s_ce0             | out |    1|  ap_memory |    LRHLS_stubMap_data_second_data_moduleHLS_settingsHLS_chosenRofZ_s    |     array    |
|LRHLS_stubMap_data_second_data_moduleHLS_settingsHLS_chosenRofZ_s_we0             | out |    1|  ap_memory |    LRHLS_stubMap_data_second_data_moduleHLS_settingsHLS_chosenRofZ_s    |     array    |
|LRHLS_stubMap_data_second_data_moduleHLS_settingsHLS_chosenRofZ_s_d0              | out |   32|  ap_memory |    LRHLS_stubMap_data_second_data_moduleHLS_settingsHLS_chosenRofZ_s    |     array    |
|LRHLS_stubMap_data_second_data_moduleHLS_settingsHLS_chosenRofZ_s_address1        | out |    9|  ap_memory |    LRHLS_stubMap_data_second_data_moduleHLS_settingsHLS_chosenRofZ_s    |     array    |
|LRHLS_stubMap_data_second_data_moduleHLS_settingsHLS_chosenRofZ_s_ce1             | out |    1|  ap_memory |    LRHLS_stubMap_data_second_data_moduleHLS_settingsHLS_chosenRofZ_s    |     array    |
|LRHLS_stubMap_data_second_data_moduleHLS_settingsHLS_chosenRofZ_s_we1             | out |    1|  ap_memory |    LRHLS_stubMap_data_second_data_moduleHLS_settingsHLS_chosenRofZ_s    |     array    |
|LRHLS_stubMap_data_second_data_moduleHLS_settingsHLS_chosenRofZ_s_d1              | out |   32|  ap_memory |    LRHLS_stubMap_data_second_data_moduleHLS_settingsHLS_chosenRofZ_s    |     array    |
|LRHLS_stubMap_data_second_data_moduleHLS_settingsHLS_invPtToDphi_s_address0       | out |    9|  ap_memory |    LRHLS_stubMap_data_second_data_moduleHLS_settingsHLS_invPtToDphi_s   |     array    |
|LRHLS_stubMap_data_second_data_moduleHLS_settingsHLS_invPtToDphi_s_ce0            | out |    1|  ap_memory |    LRHLS_stubMap_data_second_data_moduleHLS_settingsHLS_invPtToDphi_s   |     array    |
|LRHLS_stubMap_data_second_data_moduleHLS_settingsHLS_invPtToDphi_s_we0            | out |    1|  ap_memory |    LRHLS_stubMap_data_second_data_moduleHLS_settingsHLS_invPtToDphi_s   |     array    |
|LRHLS_stubMap_data_second_data_moduleHLS_settingsHLS_invPtToDphi_s_d0             | out |   32|  ap_memory |    LRHLS_stubMap_data_second_data_moduleHLS_settingsHLS_invPtToDphi_s   |     array    |
|LRHLS_stubMap_data_second_data_moduleHLS_settingsHLS_invPtToDphi_s_address1       | out |    9|  ap_memory |    LRHLS_stubMap_data_second_data_moduleHLS_settingsHLS_invPtToDphi_s   |     array    |
|LRHLS_stubMap_data_second_data_moduleHLS_settingsHLS_invPtToDphi_s_ce1            | out |    1|  ap_memory |    LRHLS_stubMap_data_second_data_moduleHLS_settingsHLS_invPtToDphi_s   |     array    |
|LRHLS_stubMap_data_second_data_moduleHLS_settingsHLS_invPtToDphi_s_we1            | out |    1|  ap_memory |    LRHLS_stubMap_data_second_data_moduleHLS_settingsHLS_invPtToDphi_s   |     array    |
|LRHLS_stubMap_data_second_data_moduleHLS_settingsHLS_invPtToDphi_s_d1             | out |   32|  ap_memory |    LRHLS_stubMap_data_second_data_moduleHLS_settingsHLS_invPtToDphi_s   |     array    |
|LRHLS_stubMap_data_second_data_moduleHLS_settingsHLS_trackerNumLayers_s_address0  | out |    9|  ap_memory | LRHLS_stubMap_data_second_data_moduleHLS_settingsHLS_trackerNumLayers_s |     array    |
|LRHLS_stubMap_data_second_data_moduleHLS_settingsHLS_trackerNumLayers_s_ce0       | out |    1|  ap_memory | LRHLS_stubMap_data_second_data_moduleHLS_settingsHLS_trackerNumLayers_s |     array    |
|LRHLS_stubMap_data_second_data_moduleHLS_settingsHLS_trackerNumLayers_s_we0       | out |    1|  ap_memory | LRHLS_stubMap_data_second_data_moduleHLS_settingsHLS_trackerNumLayers_s |     array    |
|LRHLS_stubMap_data_second_data_moduleHLS_settingsHLS_trackerNumLayers_s_d0        | out |   32|  ap_memory | LRHLS_stubMap_data_second_data_moduleHLS_settingsHLS_trackerNumLayers_s |     array    |
|LRHLS_stubMap_data_second_data_moduleHLS_settingsHLS_trackerNumLayers_s_address1  | out |    9|  ap_memory | LRHLS_stubMap_data_second_data_moduleHLS_settingsHLS_trackerNumLayers_s |     array    |
|LRHLS_stubMap_data_second_data_moduleHLS_settingsHLS_trackerNumLayers_s_ce1       | out |    1|  ap_memory | LRHLS_stubMap_data_second_data_moduleHLS_settingsHLS_trackerNumLayers_s |     array    |
|LRHLS_stubMap_data_second_data_moduleHLS_settingsHLS_trackerNumLayers_s_we1       | out |    1|  ap_memory | LRHLS_stubMap_data_second_data_moduleHLS_settingsHLS_trackerNumLayers_s |     array    |
|LRHLS_stubMap_data_second_data_moduleHLS_settingsHLS_trackerNumLayers_s_d1        | out |   32|  ap_memory | LRHLS_stubMap_data_second_data_moduleHLS_settingsHLS_trackerNumLayers_s |     array    |
|LRHLS_stubMap_data_second_data_moduleHLS_barrel_s_address0                        | out |    9|  ap_memory |            LRHLS_stubMap_data_second_data_moduleHLS_barrel_s            |     array    |
|LRHLS_stubMap_data_second_data_moduleHLS_barrel_s_ce0                             | out |    1|  ap_memory |            LRHLS_stubMap_data_second_data_moduleHLS_barrel_s            |     array    |
|LRHLS_stubMap_data_second_data_moduleHLS_barrel_s_we0                             | out |    1|  ap_memory |            LRHLS_stubMap_data_second_data_moduleHLS_barrel_s            |     array    |
|LRHLS_stubMap_data_second_data_moduleHLS_barrel_s_d0                              | out |    1|  ap_memory |            LRHLS_stubMap_data_second_data_moduleHLS_barrel_s            |     array    |
|LRHLS_stubMap_data_second_data_moduleHLS_barrel_s_address1                        | out |    9|  ap_memory |            LRHLS_stubMap_data_second_data_moduleHLS_barrel_s            |     array    |
|LRHLS_stubMap_data_second_data_moduleHLS_barrel_s_ce1                             | out |    1|  ap_memory |            LRHLS_stubMap_data_second_data_moduleHLS_barrel_s            |     array    |
|LRHLS_stubMap_data_second_data_moduleHLS_barrel_s_we1                             | out |    1|  ap_memory |            LRHLS_stubMap_data_second_data_moduleHLS_barrel_s            |     array    |
|LRHLS_stubMap_data_second_data_moduleHLS_barrel_s_d1                              | out |    1|  ap_memory |            LRHLS_stubMap_data_second_data_moduleHLS_barrel_s            |     array    |
|LRHLS_stubMap_data_second_data_moduleHLS_psModule_s_address0                      | out |    9|  ap_memory |           LRHLS_stubMap_data_second_data_moduleHLS_psModule_s           |     array    |
|LRHLS_stubMap_data_second_data_moduleHLS_psModule_s_ce0                           | out |    1|  ap_memory |           LRHLS_stubMap_data_second_data_moduleHLS_psModule_s           |     array    |
|LRHLS_stubMap_data_second_data_moduleHLS_psModule_s_we0                           | out |    1|  ap_memory |           LRHLS_stubMap_data_second_data_moduleHLS_psModule_s           |     array    |
|LRHLS_stubMap_data_second_data_moduleHLS_psModule_s_d0                            | out |    1|  ap_memory |           LRHLS_stubMap_data_second_data_moduleHLS_psModule_s           |     array    |
|LRHLS_stubMap_data_second_data_moduleHLS_psModule_s_address1                      | out |    9|  ap_memory |           LRHLS_stubMap_data_second_data_moduleHLS_psModule_s           |     array    |
|LRHLS_stubMap_data_second_data_moduleHLS_psModule_s_ce1                           | out |    1|  ap_memory |           LRHLS_stubMap_data_second_data_moduleHLS_psModule_s           |     array    |
|LRHLS_stubMap_data_second_data_moduleHLS_psModule_s_we1                           | out |    1|  ap_memory |           LRHLS_stubMap_data_second_data_moduleHLS_psModule_s           |     array    |
|LRHLS_stubMap_data_second_data_moduleHLS_psModule_s_d1                            | out |    1|  ap_memory |           LRHLS_stubMap_data_second_data_moduleHLS_psModule_s           |     array    |
|LRHLS_stubMap_data_second_data_moduleHLS_layerId_s_address0                       | out |    9|  ap_memory |            LRHLS_stubMap_data_second_data_moduleHLS_layerId_s           |     array    |
|LRHLS_stubMap_data_second_data_moduleHLS_layerId_s_ce0                            | out |    1|  ap_memory |            LRHLS_stubMap_data_second_data_moduleHLS_layerId_s           |     array    |
|LRHLS_stubMap_data_second_data_moduleHLS_layerId_s_we0                            | out |    1|  ap_memory |            LRHLS_stubMap_data_second_data_moduleHLS_layerId_s           |     array    |
|LRHLS_stubMap_data_second_data_moduleHLS_layerId_s_d0                             | out |   32|  ap_memory |            LRHLS_stubMap_data_second_data_moduleHLS_layerId_s           |     array    |
|LRHLS_stubMap_data_second_data_moduleHLS_layerId_s_q0                             |  in |   32|  ap_memory |            LRHLS_stubMap_data_second_data_moduleHLS_layerId_s           |     array    |
|LRHLS_stubMap_data_second_data_moduleHLS_layerId_s_address1                       | out |    9|  ap_memory |            LRHLS_stubMap_data_second_data_moduleHLS_layerId_s           |     array    |
|LRHLS_stubMap_data_second_data_moduleHLS_layerId_s_ce1                            | out |    1|  ap_memory |            LRHLS_stubMap_data_second_data_moduleHLS_layerId_s           |     array    |
|LRHLS_stubMap_data_second_data_moduleHLS_layerId_s_we1                            | out |    1|  ap_memory |            LRHLS_stubMap_data_second_data_moduleHLS_layerId_s           |     array    |
|LRHLS_stubMap_data_second_data_moduleHLS_layerId_s_d1                             | out |   32|  ap_memory |            LRHLS_stubMap_data_second_data_moduleHLS_layerId_s           |     array    |
|LRHLS_stubMap_data_second_data_r_s_address0                                       | out |    9|  ap_memory |                    LRHLS_stubMap_data_second_data_r_s                   |     array    |
|LRHLS_stubMap_data_second_data_r_s_ce0                                            | out |    1|  ap_memory |                    LRHLS_stubMap_data_second_data_r_s                   |     array    |
|LRHLS_stubMap_data_second_data_r_s_we0                                            | out |    1|  ap_memory |                    LRHLS_stubMap_data_second_data_r_s                   |     array    |
|LRHLS_stubMap_data_second_data_r_s_d0                                             | out |   32|  ap_memory |                    LRHLS_stubMap_data_second_data_r_s                   |     array    |
|LRHLS_stubMap_data_second_data_r_s_address1                                       | out |    9|  ap_memory |                    LRHLS_stubMap_data_second_data_r_s                   |     array    |
|LRHLS_stubMap_data_second_data_r_s_ce1                                            | out |    1|  ap_memory |                    LRHLS_stubMap_data_second_data_r_s                   |     array    |
|LRHLS_stubMap_data_second_data_r_s_we1                                            | out |    1|  ap_memory |                    LRHLS_stubMap_data_second_data_r_s                   |     array    |
|LRHLS_stubMap_data_second_data_r_s_d1                                             | out |   32|  ap_memory |                    LRHLS_stubMap_data_second_data_r_s                   |     array    |
|LRHLS_stubMap_data_second_data_phi_s_address0                                     | out |    9|  ap_memory |                   LRHLS_stubMap_data_second_data_phi_s                  |     array    |
|LRHLS_stubMap_data_second_data_phi_s_ce0                                          | out |    1|  ap_memory |                   LRHLS_stubMap_data_second_data_phi_s                  |     array    |
|LRHLS_stubMap_data_second_data_phi_s_we0                                          | out |    1|  ap_memory |                   LRHLS_stubMap_data_second_data_phi_s                  |     array    |
|LRHLS_stubMap_data_second_data_phi_s_d0                                           | out |   32|  ap_memory |                   LRHLS_stubMap_data_second_data_phi_s                  |     array    |
|LRHLS_stubMap_data_second_data_phi_s_address1                                     | out |    9|  ap_memory |                   LRHLS_stubMap_data_second_data_phi_s                  |     array    |
|LRHLS_stubMap_data_second_data_phi_s_ce1                                          | out |    1|  ap_memory |                   LRHLS_stubMap_data_second_data_phi_s                  |     array    |
|LRHLS_stubMap_data_second_data_phi_s_we1                                          | out |    1|  ap_memory |                   LRHLS_stubMap_data_second_data_phi_s                  |     array    |
|LRHLS_stubMap_data_second_data_phi_s_d1                                           | out |   32|  ap_memory |                   LRHLS_stubMap_data_second_data_phi_s                  |     array    |
|LRHLS_stubMap_data_second_data_z_s_address0                                       | out |    9|  ap_memory |                    LRHLS_stubMap_data_second_data_z_s                   |     array    |
|LRHLS_stubMap_data_second_data_z_s_ce0                                            | out |    1|  ap_memory |                    LRHLS_stubMap_data_second_data_z_s                   |     array    |
|LRHLS_stubMap_data_second_data_z_s_we0                                            | out |    1|  ap_memory |                    LRHLS_stubMap_data_second_data_z_s                   |     array    |
|LRHLS_stubMap_data_second_data_z_s_d0                                             | out |   32|  ap_memory |                    LRHLS_stubMap_data_second_data_z_s                   |     array    |
|LRHLS_stubMap_data_second_data_z_s_address1                                       | out |    9|  ap_memory |                    LRHLS_stubMap_data_second_data_z_s                   |     array    |
|LRHLS_stubMap_data_second_data_z_s_ce1                                            | out |    1|  ap_memory |                    LRHLS_stubMap_data_second_data_z_s                   |     array    |
|LRHLS_stubMap_data_second_data_z_s_we1                                            | out |    1|  ap_memory |                    LRHLS_stubMap_data_second_data_z_s                   |     array    |
|LRHLS_stubMap_data_second_data_z_s_d1                                             | out |   32|  ap_memory |                    LRHLS_stubMap_data_second_data_z_s                   |     array    |
|LRHLS_layerPopulation_size_read                                                   |  in |   32|   ap_none  |                     LRHLS_layerPopulation_size_read                     |    scalar    |
|LRHLS_layerPopulation_data_first_address0                                         | out |    5|  ap_memory |                     LRHLS_layerPopulation_data_first                    |     array    |
|LRHLS_layerPopulation_data_first_ce0                                              | out |    1|  ap_memory |                     LRHLS_layerPopulation_data_first                    |     array    |
|LRHLS_layerPopulation_data_first_we0                                              | out |    1|  ap_memory |                     LRHLS_layerPopulation_data_first                    |     array    |
|LRHLS_layerPopulation_data_first_d0                                               | out |   32|  ap_memory |                     LRHLS_layerPopulation_data_first                    |     array    |
|LRHLS_layerPopulation_data_first_q0                                               |  in |   32|  ap_memory |                     LRHLS_layerPopulation_data_first                    |     array    |
|LRHLS_layerPopulation_data_second_address0                                        | out |    5|  ap_memory |                    LRHLS_layerPopulation_data_second                    |     array    |
|LRHLS_layerPopulation_data_second_ce0                                             | out |    1|  ap_memory |                    LRHLS_layerPopulation_data_second                    |     array    |
|LRHLS_layerPopulation_data_second_we0                                             | out |    1|  ap_memory |                    LRHLS_layerPopulation_data_second                    |     array    |
|LRHLS_layerPopulation_data_second_d0                                              | out |   32|  ap_memory |                    LRHLS_layerPopulation_data_second                    |     array    |
|LRHLS_layerPopulation_data_second_q0                                              |  in |   32|  ap_memory |                    LRHLS_layerPopulation_data_second                    |     array    |
|LRHLS_residuals_size_read                                                         |  in |   32|   ap_none  |                        LRHLS_residuals_size_read                        |    scalar    |
|LRHLS_residuals_data_first_address0                                               | out |    5|  ap_memory |                        LRHLS_residuals_data_first                       |     array    |
|LRHLS_residuals_data_first_ce0                                                    | out |    1|  ap_memory |                        LRHLS_residuals_data_first                       |     array    |
|LRHLS_residuals_data_first_q0                                                     |  in |   32|  ap_memory |                        LRHLS_residuals_data_first                       |     array    |
|LRHLS_residuals_data_second_size_s_address0                                       | out |    5|  ap_memory |                    LRHLS_residuals_data_second_size_s                   |     array    |
|LRHLS_residuals_data_second_size_s_ce0                                            | out |    1|  ap_memory |                    LRHLS_residuals_data_second_size_s                   |     array    |
|LRHLS_residuals_data_second_size_s_q0                                             |  in |   32|  ap_memory |                    LRHLS_residuals_data_second_size_s                   |     array    |
|LRHLS_residuals_data_second_data_phi_address0                                     | out |    9|  ap_memory |                   LRHLS_residuals_data_second_data_phi                  |     array    |
|LRHLS_residuals_data_second_data_phi_ce0                                          | out |    1|  ap_memory |                   LRHLS_residuals_data_second_data_phi                  |     array    |
|LRHLS_residuals_data_second_data_phi_q0                                           |  in |   32|  ap_memory |                   LRHLS_residuals_data_second_data_phi                  |     array    |
|LRHLS_residuals_data_second_data_z_address0                                       | out |    9|  ap_memory |                    LRHLS_residuals_data_second_data_z                   |     array    |
|LRHLS_residuals_data_second_data_z_ce0                                            | out |    1|  ap_memory |                    LRHLS_residuals_data_second_data_z                   |     array    |
|LRHLS_residuals_data_second_data_z_q0                                             |  in |   32|  ap_memory |                    LRHLS_residuals_data_second_data_z                   |     array    |
|LRHLS_residuals_data_second_data_layerId_address0                                 | out |    9|  ap_memory |                 LRHLS_residuals_data_second_data_layerId                |     array    |
|LRHLS_residuals_data_second_data_layerId_ce0                                      | out |    1|  ap_memory |                 LRHLS_residuals_data_second_data_layerId                |     array    |
|LRHLS_residuals_data_second_data_layerId_q0                                       |  in |   32|  ap_memory |                 LRHLS_residuals_data_second_data_layerId                |     array    |
|LRHLS_residuals_data_second_data_stubId_address0                                  | out |    9|  ap_memory |                 LRHLS_residuals_data_second_data_stubId                 |     array    |
|LRHLS_residuals_data_second_data_stubId_ce0                                       | out |    1|  ap_memory |                 LRHLS_residuals_data_second_data_stubId                 |     array    |
|LRHLS_residuals_data_second_data_stubId_q0                                        |  in |   32|  ap_memory |                 LRHLS_residuals_data_second_data_stubId                 |     array    |
|LRHLS_residuals_data_second_data_ps_address0                                      | out |    9|  ap_memory |                   LRHLS_residuals_data_second_data_ps                   |     array    |
|LRHLS_residuals_data_second_data_ps_ce0                                           | out |    1|  ap_memory |                   LRHLS_residuals_data_second_data_ps                   |     array    |
|LRHLS_residuals_data_second_data_ps_q0                                            |  in |    1|  ap_memory |                   LRHLS_residuals_data_second_data_ps                   |     array    |
+----------------------------------------------------------------------------------+-----+-----+------------+-------------------------------------------------------------------------+--------------+

