

================================================================
== Vivado HLS Report for 'deltaPhiHLS_float_s'
================================================================
* Date:           Fri Jun 14 18:41:40 2019

* Version:        2019.1 (Build 2552052 on Fri May 24 15:28:33 MDT 2019)
* Project:        HLS_LR
* Solution:       solution1
* Product family: kintexu
* Target device:  xcku115-flvd1517-2-i


================================================================
== Performance Estimates
================================================================
+ Timing (ns): 
    * Summary: 
    +--------+-------+----------+------------+
    |  Clock | Target| Estimated| Uncertainty|
    +--------+-------+----------+------------+
    |ap_clk  |   3.12|     2.655|        0.39|
    +--------+-------+----------+------------+

+ Latency (clock cycles): 
    * Summary: 
    +-----+-----+-----+-----+----------+
    |  Latency  |  Interval | Pipeline |
    | min | max | min | max |   Type   |
    +-----+-----+-----+-----+----------+
    |   28|   28|    1|    1| function |
    +-----+-----+-----+-----+----------+

    + Detail: 
        * Instance: 
        N/A

        * Loop: 
        N/A

============================================================
+ Verbose Summary: Synthesis Manager
============================================================
InlineROM: 1
ExposeGlobal: 0
============================================================
+ Verbose Summary: CDFG Model
============================================================
IsTopModel: 0
ResetActiveHigh: 1
IsCombinational: 0
IsDatapathOnly: 0
HasWiredReturn: 1
HasMFsm: 2
HasVarLatency: 0
IsPipeline: 1
IsRtlPipelined: 1
IsInstanceOverlapped: 0
IsDontTouch: 0
HasImplIP: 0
IsGatedGlobalClock: 0

+ Individual pipeline summary: 
  * Pipeline-0: initiation interval (II) = 1, depth = 29


============================================================
+ Verbose Summary: Schedule
============================================================
* Number of FSM states : 29
* Pipeline : 1
  Pipeline-0 : II = 1, D = 29, States = { 1 2 3 4 5 6 7 8 9 10 11 12 13 14 15 16 17 18 19 20 21 22 23 24 25 26 27 28 29 }
* Dataflow Pipeline: 0

* FSM state transitions: 
1 --> 2 
2 --> 3 
3 --> 4 
4 --> 5 
5 --> 6 
6 --> 7 
7 --> 8 
8 --> 9 
9 --> 10 
10 --> 11 
11 --> 12 
12 --> 13 
13 --> 14 
14 --> 15 
15 --> 16 
16 --> 17 
17 --> 18 
18 --> 19 
19 --> 20 
20 --> 21 
21 --> 22 
22 --> 23 
23 --> 24 
24 --> 25 
25 --> 26 
26 --> 27 
27 --> 28 
28 --> 29 
29 --> 

* FSM state operations: 

State 1 <SV = 0> <Delay = 2.31>
ST_1 : Operation 30 [1/1] (0.00ns)   --->   "%phi1_read = call float @_ssdm_op_Read.ap_auto.float(float %phi1) nounwind" [HLS_LR/.settings/LRutility.h:47]   --->   Operation 30 'read' 'phi1_read' <Predicate = true> <Delay = 0.00>
ST_1 : Operation 31 [3/3] (2.31ns)   --->   "%tmp_1 = fcmp olt float %phi1_read, 0.000000e+00" [HLS_LR/.settings/LRutility.h:32->HLS_LR/.settings/LRutility.h:40->HLS_LR/.settings/LRutility.h:48]   --->   Operation 31 'fcmp' 'tmp_1' <Predicate = true> <Delay = 2.31> <Core = "FCmp">   --->   Core 111 'FCmp' <Latency = 2> <II = 1> <Delay = 2.31> <FuncUnit> <Opcode : 'fcmp'> <InPorts = 2> <OutPorts = 1>

State 2 <SV = 1> <Delay = 2.31>
ST_2 : Operation 32 [2/3] (2.31ns)   --->   "%tmp_1 = fcmp olt float %phi1_read, 0.000000e+00" [HLS_LR/.settings/LRutility.h:32->HLS_LR/.settings/LRutility.h:40->HLS_LR/.settings/LRutility.h:48]   --->   Operation 32 'fcmp' 'tmp_1' <Predicate = true> <Delay = 2.31> <Core = "FCmp">   --->   Core 111 'FCmp' <Latency = 2> <II = 1> <Delay = 2.31> <FuncUnit> <Opcode : 'fcmp'> <InPorts = 2> <OutPorts = 1>

State 3 <SV = 2> <Delay = 2.31>
ST_3 : Operation 33 [1/3] (2.31ns)   --->   "%tmp_1 = fcmp olt float %phi1_read, 0.000000e+00" [HLS_LR/.settings/LRutility.h:32->HLS_LR/.settings/LRutility.h:40->HLS_LR/.settings/LRutility.h:48]   --->   Operation 33 'fcmp' 'tmp_1' <Predicate = true> <Delay = 2.31> <Core = "FCmp">   --->   Core 111 'FCmp' <Latency = 2> <II = 1> <Delay = 2.31> <FuncUnit> <Opcode : 'fcmp'> <InPorts = 2> <OutPorts = 1>

State 4 <SV = 3> <Delay = 1.70>
ST_4 : Operation 34 [1/1] (0.00ns)   --->   "%bitcast_ln32 = bitcast float %phi1_read to i32" [HLS_LR/.settings/LRutility.h:32->HLS_LR/.settings/LRutility.h:40->HLS_LR/.settings/LRutility.h:48]   --->   Operation 34 'bitcast' 'bitcast_ln32' <Predicate = true> <Delay = 0.00>
ST_4 : Operation 35 [1/1] (0.00ns)   --->   "%tmp = call i8 @_ssdm_op_PartSelect.i8.i32.i32.i32(i32 %bitcast_ln32, i32 23, i32 30)" [HLS_LR/.settings/LRutility.h:32->HLS_LR/.settings/LRutility.h:40->HLS_LR/.settings/LRutility.h:48]   --->   Operation 35 'partselect' 'tmp' <Predicate = true> <Delay = 0.00>
ST_4 : Operation 36 [1/1] (0.00ns)   --->   "%trunc_ln32 = trunc i32 %bitcast_ln32 to i23" [HLS_LR/.settings/LRutility.h:32->HLS_LR/.settings/LRutility.h:40->HLS_LR/.settings/LRutility.h:48]   --->   Operation 36 'trunc' 'trunc_ln32' <Predicate = true> <Delay = 0.00>
ST_4 : Operation 37 [1/1] (0.78ns)   --->   "%icmp_ln32 = icmp ne i8 %tmp, -1" [HLS_LR/.settings/LRutility.h:32->HLS_LR/.settings/LRutility.h:40->HLS_LR/.settings/LRutility.h:48]   --->   Operation 37 'icmp' 'icmp_ln32' <Predicate = true> <Delay = 0.78> <Core = "Cmp">   --->   Core 25 'Cmp' <Latency = 0> <II = 1> <Delay = 1.11> <FuncUnit> <Opcode : 'icmp'> <InPorts = 2> <OutPorts = 1>
ST_4 : Operation 38 [1/1] (1.11ns)   --->   "%icmp_ln32_1 = icmp eq i23 %trunc_ln32, 0" [HLS_LR/.settings/LRutility.h:32->HLS_LR/.settings/LRutility.h:40->HLS_LR/.settings/LRutility.h:48]   --->   Operation 38 'icmp' 'icmp_ln32_1' <Predicate = true> <Delay = 1.11> <Core = "Cmp">   --->   Core 25 'Cmp' <Latency = 0> <II = 1> <Delay = 1.11> <FuncUnit> <Opcode : 'icmp'> <InPorts = 2> <OutPorts = 1>
ST_4 : Operation 39 [1/1] (0.00ns) (grouped into LUT with out node select_ln32)   --->   "%or_ln32 = or i1 %icmp_ln32_1, %icmp_ln32" [HLS_LR/.settings/LRutility.h:32->HLS_LR/.settings/LRutility.h:40->HLS_LR/.settings/LRutility.h:48]   --->   Operation 39 'or' 'or_ln32' <Predicate = true> <Delay = 0.00> <Core = "LogicGate">   --->   Core 27 'LogicGate' <Latency = 0> <II = 1> <Delay = 0.33> <FuncUnit> <Opcode : 'and' 'or' 'xor'> <InPorts = 2> <OutPorts = 1>
ST_4 : Operation 40 [1/1] (0.00ns) (grouped into LUT with out node select_ln32)   --->   "%and_ln32 = and i1 %or_ln32, %tmp_1" [HLS_LR/.settings/LRutility.h:32->HLS_LR/.settings/LRutility.h:40->HLS_LR/.settings/LRutility.h:48]   --->   Operation 40 'and' 'and_ln32' <Predicate = true> <Delay = 0.00> <Core = "LogicGate">   --->   Core 27 'LogicGate' <Latency = 0> <II = 1> <Delay = 0.33> <FuncUnit> <Opcode : 'and' 'or' 'xor'> <InPorts = 2> <OutPorts = 1>
ST_4 : Operation 41 [1/1] (0.00ns) (grouped into LUT with out node select_ln32)   --->   "%xor_ln33 = xor i32 %bitcast_ln32, -2147483648" [HLS_LR/.settings/LRutility.h:33->HLS_LR/.settings/LRutility.h:40->HLS_LR/.settings/LRutility.h:48]   --->   Operation 41 'xor' 'xor_ln33' <Predicate = true> <Delay = 0.00> <Core = "LogicGate">   --->   Core 27 'LogicGate' <Latency = 0> <II = 1> <Delay = 0.33> <FuncUnit> <Opcode : 'and' 'or' 'xor'> <InPorts = 2> <OutPorts = 1>
ST_4 : Operation 42 [1/1] (0.00ns) (grouped into LUT with out node select_ln32)   --->   "%bitcast_ln33 = bitcast i32 %xor_ln33 to float" [HLS_LR/.settings/LRutility.h:33->HLS_LR/.settings/LRutility.h:40->HLS_LR/.settings/LRutility.h:48]   --->   Operation 42 'bitcast' 'bitcast_ln33' <Predicate = true> <Delay = 0.00>
ST_4 : Operation 43 [1/1] (0.59ns) (out node of the LUT)   --->   "%select_ln32 = select i1 %and_ln32, float %bitcast_ln33, float %phi1_read" [HLS_LR/.settings/LRutility.h:32->HLS_LR/.settings/LRutility.h:40->HLS_LR/.settings/LRutility.h:48]   --->   Operation 43 'select' 'select_ln32' <Predicate = true> <Delay = 0.59> <Core = "Sel">   --->   Core 26 'Sel' <Latency = 0> <II = 1> <Delay = 0.44> <FuncUnit> <Opcode : 'select'> <InPorts = 3> <OutPorts = 1>

State 5 <SV = 4> <Delay = 2.31>
ST_5 : Operation 44 [1/1] (0.00ns)   --->   "%bitcast_ln40 = bitcast float %select_ln32 to i32" [HLS_LR/.settings/LRutility.h:40->HLS_LR/.settings/LRutility.h:48]   --->   Operation 44 'bitcast' 'bitcast_ln40' <Predicate = true> <Delay = 0.00>
ST_5 : Operation 45 [1/1] (0.00ns)   --->   "%tmp_2 = call i8 @_ssdm_op_PartSelect.i8.i32.i32.i32(i32 %bitcast_ln40, i32 23, i32 30)" [HLS_LR/.settings/LRutility.h:40->HLS_LR/.settings/LRutility.h:48]   --->   Operation 45 'partselect' 'tmp_2' <Predicate = true> <Delay = 0.00>
ST_5 : Operation 46 [1/1] (0.00ns)   --->   "%trunc_ln40 = trunc i32 %bitcast_ln40 to i23" [HLS_LR/.settings/LRutility.h:40->HLS_LR/.settings/LRutility.h:48]   --->   Operation 46 'trunc' 'trunc_ln40' <Predicate = true> <Delay = 0.00>
ST_5 : Operation 47 [1/1] (0.78ns)   --->   "%icmp_ln40 = icmp ne i8 %tmp_2, -1" [HLS_LR/.settings/LRutility.h:40->HLS_LR/.settings/LRutility.h:48]   --->   Operation 47 'icmp' 'icmp_ln40' <Predicate = true> <Delay = 0.78> <Core = "Cmp">   --->   Core 25 'Cmp' <Latency = 0> <II = 1> <Delay = 1.11> <FuncUnit> <Opcode : 'icmp'> <InPorts = 2> <OutPorts = 1>
ST_5 : Operation 48 [1/1] (1.11ns)   --->   "%icmp_ln40_1 = icmp eq i23 %trunc_ln40, 0" [HLS_LR/.settings/LRutility.h:40->HLS_LR/.settings/LRutility.h:48]   --->   Operation 48 'icmp' 'icmp_ln40_1' <Predicate = true> <Delay = 1.11> <Core = "Cmp">   --->   Core 25 'Cmp' <Latency = 0> <II = 1> <Delay = 1.11> <FuncUnit> <Opcode : 'icmp'> <InPorts = 2> <OutPorts = 1>
ST_5 : Operation 49 [3/3] (2.31ns)   --->   "%tmp_3 = fcmp ole float %select_ln32, 0x400921FB60000000" [HLS_LR/.settings/LRutility.h:40->HLS_LR/.settings/LRutility.h:48]   --->   Operation 49 'fcmp' 'tmp_3' <Predicate = true> <Delay = 2.31> <Core = "FCmp">   --->   Core 111 'FCmp' <Latency = 2> <II = 1> <Delay = 2.31> <FuncUnit> <Opcode : 'fcmp'> <InPorts = 2> <OutPorts = 1>

State 6 <SV = 5> <Delay = 2.31>
ST_6 : Operation 50 [2/3] (2.31ns)   --->   "%tmp_3 = fcmp ole float %select_ln32, 0x400921FB60000000" [HLS_LR/.settings/LRutility.h:40->HLS_LR/.settings/LRutility.h:48]   --->   Operation 50 'fcmp' 'tmp_3' <Predicate = true> <Delay = 2.31> <Core = "FCmp">   --->   Core 111 'FCmp' <Latency = 2> <II = 1> <Delay = 2.31> <FuncUnit> <Opcode : 'fcmp'> <InPorts = 2> <OutPorts = 1>

State 7 <SV = 6> <Delay = 2.65>
ST_7 : Operation 51 [1/1] (0.00ns) (grouped into LUT with out node and_ln40)   --->   "%or_ln40 = or i1 %icmp_ln40_1, %icmp_ln40" [HLS_LR/.settings/LRutility.h:40->HLS_LR/.settings/LRutility.h:48]   --->   Operation 51 'or' 'or_ln40' <Predicate = true> <Delay = 0.00> <Core = "LogicGate">   --->   Core 27 'LogicGate' <Latency = 0> <II = 1> <Delay = 0.33> <FuncUnit> <Opcode : 'and' 'or' 'xor'> <InPorts = 2> <OutPorts = 1>
ST_7 : Operation 52 [1/3] (2.31ns)   --->   "%tmp_3 = fcmp ole float %select_ln32, 0x400921FB60000000" [HLS_LR/.settings/LRutility.h:40->HLS_LR/.settings/LRutility.h:48]   --->   Operation 52 'fcmp' 'tmp_3' <Predicate = true> <Delay = 2.31> <Core = "FCmp">   --->   Core 111 'FCmp' <Latency = 2> <II = 1> <Delay = 2.31> <FuncUnit> <Opcode : 'fcmp'> <InPorts = 2> <OutPorts = 1>
ST_7 : Operation 53 [1/1] (0.33ns) (out node of the LUT)   --->   "%and_ln40 = and i1 %or_ln40, %tmp_3" [HLS_LR/.settings/LRutility.h:40->HLS_LR/.settings/LRutility.h:48]   --->   Operation 53 'and' 'and_ln40' <Predicate = true> <Delay = 0.33> <Core = "LogicGate">   --->   Core 27 'LogicGate' <Latency = 0> <II = 1> <Delay = 0.33> <FuncUnit> <Opcode : 'and' 'or' 'xor'> <InPorts = 2> <OutPorts = 1>
ST_7 : Operation 54 [1/1] (0.00ns)   --->   "%guard_variable_for_f_1 = load i1* @guard_variable_for_f, align 1" [HLS_LR/.settings/LRutility.h:42->HLS_LR/.settings/LRutility.h:48]   --->   Operation 54 'load' 'guard_variable_for_f_1' <Predicate = (!and_ln40)> <Delay = 0.00>
ST_7 : Operation 55 [1/1] (0.00ns)   --->   "br i1 %guard_variable_for_f_1, label %._crit_edge1.i, label %codeRepl" [HLS_LR/.settings/LRutility.h:42->HLS_LR/.settings/LRutility.h:48]   --->   Operation 55 'br' <Predicate = (!and_ln40)> <Delay = 0.00>
ST_7 : Operation 56 [6/6] (2.56ns)   --->   "%tmp_2_i_i_i = fmul float %phi1_read, 0x3FC45F3060000000" [HLS_LR/.settings/LRutility.h:42->HLS_LR/.settings/LRutility.h:48]   --->   Operation 56 'fmul' 'tmp_2_i_i_i' <Predicate = (!and_ln40 & !guard_variable_for_f_1)> <Delay = 2.56> <Core = "FMul">   --->   Core 106 'FMul' <Latency = 5> <II = 1> <Delay = 2.56> <FuncUnit> <Opcode : 'fmul'> <InPorts = 2> <OutPorts = 1>
ST_7 : Operation 57 [1/1] (0.00ns)   --->   "store i1 true, i1* @guard_variable_for_f, align 1" [HLS_LR/.settings/LRutility.h:42->HLS_LR/.settings/LRutility.h:48]   --->   Operation 57 'store' <Predicate = (!and_ln40 & !guard_variable_for_f_1)> <Delay = 0.00>

State 8 <SV = 7> <Delay = 2.56>
ST_8 : Operation 58 [1/1] (0.83ns)   --->   "br i1 %and_ln40, label %"reduceRangeHLS<float>.exit", label %0" [HLS_LR/.settings/LRutility.h:40->HLS_LR/.settings/LRutility.h:48]   --->   Operation 58 'br' <Predicate = true> <Delay = 0.83>
ST_8 : Operation 59 [5/6] (2.56ns)   --->   "%tmp_2_i_i_i = fmul float %phi1_read, 0x3FC45F3060000000" [HLS_LR/.settings/LRutility.h:42->HLS_LR/.settings/LRutility.h:48]   --->   Operation 59 'fmul' 'tmp_2_i_i_i' <Predicate = (!and_ln40 & !guard_variable_for_f_1)> <Delay = 2.56> <Core = "FMul">   --->   Core 106 'FMul' <Latency = 5> <II = 1> <Delay = 2.56> <FuncUnit> <Opcode : 'fmul'> <InPorts = 2> <OutPorts = 1>

State 9 <SV = 8> <Delay = 2.56>
ST_9 : Operation 60 [4/6] (2.56ns)   --->   "%tmp_2_i_i_i = fmul float %phi1_read, 0x3FC45F3060000000" [HLS_LR/.settings/LRutility.h:42->HLS_LR/.settings/LRutility.h:48]   --->   Operation 60 'fmul' 'tmp_2_i_i_i' <Predicate = (!and_ln40 & !guard_variable_for_f_1)> <Delay = 2.56> <Core = "FMul">   --->   Core 106 'FMul' <Latency = 5> <II = 1> <Delay = 2.56> <FuncUnit> <Opcode : 'fmul'> <InPorts = 2> <OutPorts = 1>

State 10 <SV = 9> <Delay = 2.56>
ST_10 : Operation 61 [3/6] (2.56ns)   --->   "%tmp_2_i_i_i = fmul float %phi1_read, 0x3FC45F3060000000" [HLS_LR/.settings/LRutility.h:42->HLS_LR/.settings/LRutility.h:48]   --->   Operation 61 'fmul' 'tmp_2_i_i_i' <Predicate = (!and_ln40 & !guard_variable_for_f_1)> <Delay = 2.56> <Core = "FMul">   --->   Core 106 'FMul' <Latency = 5> <II = 1> <Delay = 2.56> <FuncUnit> <Opcode : 'fmul'> <InPorts = 2> <OutPorts = 1>

State 11 <SV = 10> <Delay = 2.56>
ST_11 : Operation 62 [2/6] (2.56ns)   --->   "%tmp_2_i_i_i = fmul float %phi1_read, 0x3FC45F3060000000" [HLS_LR/.settings/LRutility.h:42->HLS_LR/.settings/LRutility.h:48]   --->   Operation 62 'fmul' 'tmp_2_i_i_i' <Predicate = (!and_ln40 & !guard_variable_for_f_1)> <Delay = 2.56> <Core = "FMul">   --->   Core 106 'FMul' <Latency = 5> <II = 1> <Delay = 2.56> <FuncUnit> <Opcode : 'fmul'> <InPorts = 2> <OutPorts = 1>

State 12 <SV = 11> <Delay = 2.56>
ST_12 : Operation 63 [1/6] (2.56ns)   --->   "%tmp_2_i_i_i = fmul float %phi1_read, 0x3FC45F3060000000" [HLS_LR/.settings/LRutility.h:42->HLS_LR/.settings/LRutility.h:48]   --->   Operation 63 'fmul' 'tmp_2_i_i_i' <Predicate = (!and_ln40 & !guard_variable_for_f_1)> <Delay = 2.56> <Core = "FMul">   --->   Core 106 'FMul' <Latency = 5> <II = 1> <Delay = 2.56> <FuncUnit> <Opcode : 'fmul'> <InPorts = 2> <OutPorts = 1>
ST_12 : Operation 64 [1/1] (0.00ns)   --->   "store float %tmp_2_i_i_i, float* @n, align 4" [HLS_LR/.settings/LRutility.h:42->HLS_LR/.settings/LRutility.h:48]   --->   Operation 64 'store' <Predicate = (!and_ln40 & !guard_variable_for_f_1)> <Delay = 0.00>

State 13 <SV = 12> <Delay = 2.56>
ST_13 : Operation 65 [1/1] (0.00ns)   --->   "%n_load = load float* @n, align 4" [HLS_LR/.settings/LRutility.h:43->HLS_LR/.settings/LRutility.h:48]   --->   Operation 65 'load' 'n_load' <Predicate = (!and_ln40)> <Delay = 0.00>
ST_13 : Operation 66 [6/6] (2.56ns)   --->   "%tmp_3_i = fmul float %n_load, 0x401921FB60000000" [HLS_LR/.settings/LRutility.h:43->HLS_LR/.settings/LRutility.h:48]   --->   Operation 66 'fmul' 'tmp_3_i' <Predicate = (!and_ln40)> <Delay = 2.56> <Core = "FMul">   --->   Core 106 'FMul' <Latency = 5> <II = 1> <Delay = 2.56> <FuncUnit> <Opcode : 'fmul'> <InPorts = 2> <OutPorts = 1>

State 14 <SV = 13> <Delay = 2.56>
ST_14 : Operation 67 [5/6] (2.56ns)   --->   "%tmp_3_i = fmul float %n_load, 0x401921FB60000000" [HLS_LR/.settings/LRutility.h:43->HLS_LR/.settings/LRutility.h:48]   --->   Operation 67 'fmul' 'tmp_3_i' <Predicate = (!and_ln40)> <Delay = 2.56> <Core = "FMul">   --->   Core 106 'FMul' <Latency = 5> <II = 1> <Delay = 2.56> <FuncUnit> <Opcode : 'fmul'> <InPorts = 2> <OutPorts = 1>

State 15 <SV = 14> <Delay = 2.56>
ST_15 : Operation 68 [4/6] (2.56ns)   --->   "%tmp_3_i = fmul float %n_load, 0x401921FB60000000" [HLS_LR/.settings/LRutility.h:43->HLS_LR/.settings/LRutility.h:48]   --->   Operation 68 'fmul' 'tmp_3_i' <Predicate = (!and_ln40)> <Delay = 2.56> <Core = "FMul">   --->   Core 106 'FMul' <Latency = 5> <II = 1> <Delay = 2.56> <FuncUnit> <Opcode : 'fmul'> <InPorts = 2> <OutPorts = 1>

State 16 <SV = 15> <Delay = 2.56>
ST_16 : Operation 69 [3/6] (2.56ns)   --->   "%tmp_3_i = fmul float %n_load, 0x401921FB60000000" [HLS_LR/.settings/LRutility.h:43->HLS_LR/.settings/LRutility.h:48]   --->   Operation 69 'fmul' 'tmp_3_i' <Predicate = (!and_ln40)> <Delay = 2.56> <Core = "FMul">   --->   Core 106 'FMul' <Latency = 5> <II = 1> <Delay = 2.56> <FuncUnit> <Opcode : 'fmul'> <InPorts = 2> <OutPorts = 1>

State 17 <SV = 16> <Delay = 2.56>
ST_17 : Operation 70 [2/6] (2.56ns)   --->   "%tmp_3_i = fmul float %n_load, 0x401921FB60000000" [HLS_LR/.settings/LRutility.h:43->HLS_LR/.settings/LRutility.h:48]   --->   Operation 70 'fmul' 'tmp_3_i' <Predicate = (!and_ln40)> <Delay = 2.56> <Core = "FMul">   --->   Core 106 'FMul' <Latency = 5> <II = 1> <Delay = 2.56> <FuncUnit> <Opcode : 'fmul'> <InPorts = 2> <OutPorts = 1>

State 18 <SV = 17> <Delay = 2.56>
ST_18 : Operation 71 [1/6] (2.56ns)   --->   "%tmp_3_i = fmul float %n_load, 0x401921FB60000000" [HLS_LR/.settings/LRutility.h:43->HLS_LR/.settings/LRutility.h:48]   --->   Operation 71 'fmul' 'tmp_3_i' <Predicate = (!and_ln40)> <Delay = 2.56> <Core = "FMul">   --->   Core 106 'FMul' <Latency = 5> <II = 1> <Delay = 2.56> <FuncUnit> <Opcode : 'fmul'> <InPorts = 2> <OutPorts = 1>

State 19 <SV = 18> <Delay = 2.46>
ST_19 : Operation 72 [10/10] (2.46ns)   --->   "%tmp_4_i = fsub float %phi1_read, %tmp_3_i" [HLS_LR/.settings/LRutility.h:43->HLS_LR/.settings/LRutility.h:48]   --->   Operation 72 'fsub' 'tmp_4_i' <Predicate = (!and_ln40)> <Delay = 2.46> <Core = "FAddSub">   --->   Core 105 'FAddSub' <Latency = 9> <II = 1> <Delay = 2.46> <FuncUnit> <Opcode : 'fadd' 'fsub'> <InPorts = 2> <OutPorts = 1>

State 20 <SV = 19> <Delay = 2.46>
ST_20 : Operation 73 [9/10] (2.46ns)   --->   "%tmp_4_i = fsub float %phi1_read, %tmp_3_i" [HLS_LR/.settings/LRutility.h:43->HLS_LR/.settings/LRutility.h:48]   --->   Operation 73 'fsub' 'tmp_4_i' <Predicate = (!and_ln40)> <Delay = 2.46> <Core = "FAddSub">   --->   Core 105 'FAddSub' <Latency = 9> <II = 1> <Delay = 2.46> <FuncUnit> <Opcode : 'fadd' 'fsub'> <InPorts = 2> <OutPorts = 1>

State 21 <SV = 20> <Delay = 2.46>
ST_21 : Operation 74 [8/10] (2.46ns)   --->   "%tmp_4_i = fsub float %phi1_read, %tmp_3_i" [HLS_LR/.settings/LRutility.h:43->HLS_LR/.settings/LRutility.h:48]   --->   Operation 74 'fsub' 'tmp_4_i' <Predicate = (!and_ln40)> <Delay = 2.46> <Core = "FAddSub">   --->   Core 105 'FAddSub' <Latency = 9> <II = 1> <Delay = 2.46> <FuncUnit> <Opcode : 'fadd' 'fsub'> <InPorts = 2> <OutPorts = 1>

State 22 <SV = 21> <Delay = 2.46>
ST_22 : Operation 75 [7/10] (2.46ns)   --->   "%tmp_4_i = fsub float %phi1_read, %tmp_3_i" [HLS_LR/.settings/LRutility.h:43->HLS_LR/.settings/LRutility.h:48]   --->   Operation 75 'fsub' 'tmp_4_i' <Predicate = (!and_ln40)> <Delay = 2.46> <Core = "FAddSub">   --->   Core 105 'FAddSub' <Latency = 9> <II = 1> <Delay = 2.46> <FuncUnit> <Opcode : 'fadd' 'fsub'> <InPorts = 2> <OutPorts = 1>

State 23 <SV = 22> <Delay = 2.46>
ST_23 : Operation 76 [6/10] (2.46ns)   --->   "%tmp_4_i = fsub float %phi1_read, %tmp_3_i" [HLS_LR/.settings/LRutility.h:43->HLS_LR/.settings/LRutility.h:48]   --->   Operation 76 'fsub' 'tmp_4_i' <Predicate = (!and_ln40)> <Delay = 2.46> <Core = "FAddSub">   --->   Core 105 'FAddSub' <Latency = 9> <II = 1> <Delay = 2.46> <FuncUnit> <Opcode : 'fadd' 'fsub'> <InPorts = 2> <OutPorts = 1>

State 24 <SV = 23> <Delay = 2.46>
ST_24 : Operation 77 [5/10] (2.46ns)   --->   "%tmp_4_i = fsub float %phi1_read, %tmp_3_i" [HLS_LR/.settings/LRutility.h:43->HLS_LR/.settings/LRutility.h:48]   --->   Operation 77 'fsub' 'tmp_4_i' <Predicate = (!and_ln40)> <Delay = 2.46> <Core = "FAddSub">   --->   Core 105 'FAddSub' <Latency = 9> <II = 1> <Delay = 2.46> <FuncUnit> <Opcode : 'fadd' 'fsub'> <InPorts = 2> <OutPorts = 1>

State 25 <SV = 24> <Delay = 2.46>
ST_25 : Operation 78 [4/10] (2.46ns)   --->   "%tmp_4_i = fsub float %phi1_read, %tmp_3_i" [HLS_LR/.settings/LRutility.h:43->HLS_LR/.settings/LRutility.h:48]   --->   Operation 78 'fsub' 'tmp_4_i' <Predicate = (!and_ln40)> <Delay = 2.46> <Core = "FAddSub">   --->   Core 105 'FAddSub' <Latency = 9> <II = 1> <Delay = 2.46> <FuncUnit> <Opcode : 'fadd' 'fsub'> <InPorts = 2> <OutPorts = 1>

State 26 <SV = 25> <Delay = 2.46>
ST_26 : Operation 79 [3/10] (2.46ns)   --->   "%tmp_4_i = fsub float %phi1_read, %tmp_3_i" [HLS_LR/.settings/LRutility.h:43->HLS_LR/.settings/LRutility.h:48]   --->   Operation 79 'fsub' 'tmp_4_i' <Predicate = (!and_ln40)> <Delay = 2.46> <Core = "FAddSub">   --->   Core 105 'FAddSub' <Latency = 9> <II = 1> <Delay = 2.46> <FuncUnit> <Opcode : 'fadd' 'fsub'> <InPorts = 2> <OutPorts = 1>

State 27 <SV = 26> <Delay = 2.46>
ST_27 : Operation 80 [2/10] (2.46ns)   --->   "%tmp_4_i = fsub float %phi1_read, %tmp_3_i" [HLS_LR/.settings/LRutility.h:43->HLS_LR/.settings/LRutility.h:48]   --->   Operation 80 'fsub' 'tmp_4_i' <Predicate = (!and_ln40)> <Delay = 2.46> <Core = "FAddSub">   --->   Core 105 'FAddSub' <Latency = 9> <II = 1> <Delay = 2.46> <FuncUnit> <Opcode : 'fadd' 'fsub'> <InPorts = 2> <OutPorts = 1>

State 28 <SV = 27> <Delay = 2.46>
ST_28 : Operation 81 [1/10] (2.46ns)   --->   "%tmp_4_i = fsub float %phi1_read, %tmp_3_i" [HLS_LR/.settings/LRutility.h:43->HLS_LR/.settings/LRutility.h:48]   --->   Operation 81 'fsub' 'tmp_4_i' <Predicate = (!and_ln40)> <Delay = 2.46> <Core = "FAddSub">   --->   Core 105 'FAddSub' <Latency = 9> <II = 1> <Delay = 2.46> <FuncUnit> <Opcode : 'fadd' 'fsub'> <InPorts = 2> <OutPorts = 1>

State 29 <SV = 28> <Delay = 0.83>
ST_29 : Operation 82 [1/1] (0.00ns)   --->   "br label %._crit_edge1.i"   --->   Operation 82 'br' <Predicate = (!and_ln40 & !guard_variable_for_f_1)> <Delay = 0.00>
ST_29 : Operation 83 [1/1] (0.83ns)   --->   "br label %"reduceRangeHLS<float>.exit"" [HLS_LR/.settings/LRutility.h:43->HLS_LR/.settings/LRutility.h:48]   --->   Operation 83 'br' <Predicate = (!and_ln40)> <Delay = 0.83>
ST_29 : Operation 84 [1/1] (0.00ns)   --->   "%p_0_i = phi float [ %tmp_4_i, %._crit_edge1.i ], [ %phi1_read, %_ifconv ]" [HLS_LR/.settings/LRutility.h:43->HLS_LR/.settings/LRutility.h:48]   --->   Operation 84 'phi' 'p_0_i' <Predicate = true> <Delay = 0.00>
ST_29 : Operation 85 [1/1] (0.00ns)   --->   "ret float %p_0_i" [HLS_LR/.settings/LRutility.h:48]   --->   Operation 85 'ret' <Predicate = true> <Delay = 0.00>


============================================================
+ Verbose Summary: Binding
============================================================
STG Binding: 
---------------- STG Properties BEGIN ----------------
- Is combinational: 0
- Is one-state seq: 0
- Is datapath-only: 0
- Is pipelined: 1
- Is top level: 0
Port [ Return ] is wired: 1; IO mode=ap_ctrl_hs:ce=0
Port [ phi1]:  wired=1; compound=0; hidden=0; nouse=0; global=0; static=0; extern=0; dir=0; type=0; pingpong=0; private_global=0; IO mode=ap_none:ce=0
Port [ guard_variable_for_f]:  wired=1; compound=0; hidden=0; nouse=0; global=1; static=1; extern=0; dir=2; type=0; pingpong=0; private_global=0; linkage=7; visibility=0; IO mode=ap_ovld:ce=0
Port [ n]:  wired=1; compound=0; hidden=0; nouse=0; global=1; static=1; extern=0; dir=2; type=0; pingpong=0; private_global=0; linkage=7; visibility=0; IO mode=ap_ovld:ce=0
---------------- STG Properties END ------------------

---------------- Datapath Model BEGIN ----------------

<LifeTime>
<method=bitvector/>
phi1_read              (read      ) [ 011111111111111111111111111111]
tmp_1                  (fcmp      ) [ 010010000000000000000000000000]
bitcast_ln32           (bitcast   ) [ 000000000000000000000000000000]
tmp                    (partselect) [ 000000000000000000000000000000]
trunc_ln32             (trunc     ) [ 000000000000000000000000000000]
icmp_ln32              (icmp      ) [ 000000000000000000000000000000]
icmp_ln32_1            (icmp      ) [ 000000000000000000000000000000]
or_ln32                (or        ) [ 000000000000000000000000000000]
and_ln32               (and       ) [ 000000000000000000000000000000]
xor_ln33               (xor       ) [ 000000000000000000000000000000]
bitcast_ln33           (bitcast   ) [ 000000000000000000000000000000]
select_ln32            (select    ) [ 010001110000000000000000000000]
bitcast_ln40           (bitcast   ) [ 000000000000000000000000000000]
tmp_2                  (partselect) [ 000000000000000000000000000000]
trunc_ln40             (trunc     ) [ 000000000000000000000000000000]
icmp_ln40              (icmp      ) [ 010000110000000000000000000000]
icmp_ln40_1            (icmp      ) [ 010000110000000000000000000000]
or_ln40                (or        ) [ 000000000000000000000000000000]
tmp_3                  (fcmp      ) [ 000000000000000000000000000000]
and_ln40               (and       ) [ 010000011111111111111111111111]
guard_variable_for_f_1 (load      ) [ 010000011111111111111111111111]
br_ln42                (br        ) [ 000000000000000000000000000000]
store_ln42             (store     ) [ 000000000000000000000000000000]
br_ln40                (br        ) [ 010000001111111111111111111111]
tmp_2_i_i_i            (fmul      ) [ 000000000000000000000000000000]
store_ln42             (store     ) [ 000000000000000000000000000000]
n_load                 (load      ) [ 010000000000001111100000000000]
tmp_3_i                (fmul      ) [ 010000000000000000011111111110]
tmp_4_i                (fsub      ) [ 010000001000000000000000000001]
br_ln0                 (br        ) [ 000000000000000000000000000000]
br_ln43                (br        ) [ 000000000000000000000000000000]
p_0_i                  (phi       ) [ 010000000000000000000000000001]
ret_ln48               (ret       ) [ 000000000000000000000000000000]
</LifeTime>

<model>

<comp_list>
<comp id="0" class="1000" name="phi1">
<pin_list>
<pin id="1" dir="1" index="0" bw="1" slack="0"/>
</pin_list>
<bind>
<StgValue><ssdm name="phi1"/></StgValue>
</bind>
</comp>

<comp id="2" class="1000" name="guard_variable_for_f">
<pin_list>
<pin id="3" dir="1" index="0" bw="1" slack="0"/>
</pin_list>
<bind>
<StgValue><ssdm name="guard_variable_for_f"/></StgValue>
</bind>
</comp>

<comp id="4" class="1000" name="n">
<pin_list>
<pin id="5" dir="1" index="0" bw="1" slack="0"/>
</pin_list>
<bind>
<StgValue><ssdm name="n"/></StgValue>
</bind>
</comp>

<comp id="6" class="1001" name="const_6">
<pin_list>
<pin id="7" dir="1" index="0" bw="1" slack="0"/>
</pin_list>
<bind>
<StgValue><ssdm name="_ssdm_op_Read.ap_auto.float"/></StgValue>
</bind>
</comp>

<comp id="8" class="1001" name="const_8">
<pin_list>
<pin id="9" dir="1" index="0" bw="1" slack="0"/>
</pin_list>
<bind>
<StgValue><ssdm name=""/></StgValue>
</bind>
</comp>

<comp id="10" class="1001" name="const_10">
<pin_list>
<pin id="11" dir="1" index="0" bw="1" slack="0"/>
</pin_list>
<bind>
<StgValue><ssdm name="_ssdm_op_PartSelect.i8.i32.i32.i32"/></StgValue>
</bind>
</comp>

<comp id="12" class="1001" name="const_12">
<pin_list>
<pin id="13" dir="1" index="0" bw="1" slack="0"/>
</pin_list>
<bind>
<StgValue><ssdm name=""/></StgValue>
</bind>
</comp>

<comp id="14" class="1001" name="const_14">
<pin_list>
<pin id="15" dir="1" index="0" bw="1" slack="0"/>
</pin_list>
<bind>
<StgValue><ssdm name=""/></StgValue>
</bind>
</comp>

<comp id="16" class="1001" name="const_16">
<pin_list>
<pin id="17" dir="1" index="0" bw="1" slack="0"/>
</pin_list>
<bind>
<StgValue><ssdm name=""/></StgValue>
</bind>
</comp>

<comp id="18" class="1001" name="const_18">
<pin_list>
<pin id="19" dir="1" index="0" bw="1" slack="0"/>
</pin_list>
<bind>
<StgValue><ssdm name=""/></StgValue>
</bind>
</comp>

<comp id="20" class="1001" name="const_20">
<pin_list>
<pin id="21" dir="1" index="0" bw="1" slack="0"/>
</pin_list>
<bind>
<StgValue><ssdm name=""/></StgValue>
</bind>
</comp>

<comp id="22" class="1001" name="const_22">
<pin_list>
<pin id="23" dir="1" index="0" bw="1" slack="0"/>
</pin_list>
<bind>
<StgValue><ssdm name=""/></StgValue>
</bind>
</comp>

<comp id="24" class="1001" name="const_24">
<pin_list>
<pin id="25" dir="1" index="0" bw="1" slack="0"/>
</pin_list>
<bind>
<StgValue><ssdm name=""/></StgValue>
</bind>
</comp>

<comp id="26" class="1001" name="const_26">
<pin_list>
<pin id="27" dir="1" index="0" bw="1" slack="0"/>
</pin_list>
<bind>
<StgValue><ssdm name=""/></StgValue>
</bind>
</comp>

<comp id="28" class="1001" name="const_28">
<pin_list>
<pin id="29" dir="1" index="0" bw="1" slack="0"/>
</pin_list>
<bind>
<StgValue><ssdm name=""/></StgValue>
</bind>
</comp>

<comp id="30" class="1004" name="phi1_read_read_fu_30">
<pin_list>
<pin id="31" dir="0" index="0" bw="32" slack="0"/>
<pin id="32" dir="0" index="1" bw="32" slack="0"/>
<pin id="33" dir="1" index="2" bw="32" slack="0"/>
</pin_list>
<bind>
<opcode="read(1150) " fcode="read"/>
<opset="phi1_read/1 "/>
</bind>
</comp>

<comp id="36" class="1005" name="p_0_i_reg_36">
<pin_list>
<pin id="37" dir="0" index="0" bw="32" slack="2147483647"/>
<pin id="38" dir="1" index="1" bw="32" slack="2147483647"/>
</pin_list>
<bind>
<opset="p_0_i (phireg) "/>
</bind>
</comp>

<comp id="39" class="1004" name="p_0_i_phi_fu_39">
<pin_list>
<pin id="40" dir="0" index="0" bw="32" slack="1"/>
<pin id="41" dir="0" index="1" bw="0" slack="2147483647"/>
<pin id="42" dir="0" index="2" bw="32" slack="28"/>
<pin id="43" dir="0" index="3" bw="0" slack="2147483647"/>
<pin id="44" dir="1" index="4" bw="32" slack="2147483647"/>
</pin_list>
<bind>
<opcode="phi(47) " fcode="phi"/>
<opset="p_0_i/29 "/>
</bind>
</comp>

<comp id="45" class="1004" name="grp_fu_45">
<pin_list>
<pin id="46" dir="0" index="0" bw="32" slack="18"/>
<pin id="47" dir="0" index="1" bw="32" slack="1"/>
<pin id="48" dir="1" index="2" bw="32" slack="1"/>
</pin_list>
<bind>
<opcode="fsub(11) " fcode="fadd"/>
<opset="tmp_4_i/19 "/>
</bind>
</comp>

<comp id="49" class="1004" name="grp_fu_49">
<pin_list>
<pin id="50" dir="0" index="0" bw="32" slack="6"/>
<pin id="51" dir="0" index="1" bw="32" slack="0"/>
<pin id="52" dir="1" index="2" bw="32" slack="0"/>
</pin_list>
<bind>
<opcode="fmul(13) " fcode="fmul"/>
<opset="tmp_2_i_i_i/7 "/>
</bind>
</comp>

<comp id="54" class="1004" name="grp_fu_54">
<pin_list>
<pin id="55" dir="0" index="0" bw="32" slack="0"/>
<pin id="56" dir="0" index="1" bw="32" slack="0"/>
<pin id="57" dir="1" index="2" bw="32" slack="1"/>
</pin_list>
<bind>
<opcode="fmul(13) " fcode="fmul"/>
<opset="tmp_3_i/13 "/>
</bind>
</comp>

<comp id="59" class="1004" name="grp_fu_59">
<pin_list>
<pin id="60" dir="0" index="0" bw="32" slack="0"/>
<pin id="61" dir="0" index="1" bw="32" slack="0"/>
<pin id="62" dir="1" index="2" bw="1" slack="1"/>
</pin_list>
<bind>
<opcode="fcmp(46) " fcode="fcmp"/>
<opset="tmp_1/1 "/>
</bind>
</comp>

<comp id="65" class="1004" name="grp_fu_65">
<pin_list>
<pin id="66" dir="0" index="0" bw="32" slack="1"/>
<pin id="67" dir="0" index="1" bw="32" slack="0"/>
<pin id="68" dir="1" index="2" bw="1" slack="0"/>
</pin_list>
<bind>
<opcode="fcmp(46) " fcode="fcmp"/>
<opset="tmp_3/5 "/>
</bind>
</comp>

<comp id="70" class="1004" name="bitcast_ln32_fu_70">
<pin_list>
<pin id="71" dir="0" index="0" bw="32" slack="3"/>
<pin id="72" dir="1" index="1" bw="32" slack="0"/>
</pin_list>
<bind>
<opcode="bitcast(44) " fcode="bitcast"/>
<opset="bitcast_ln32/4 "/>
</bind>
</comp>

<comp id="73" class="1004" name="tmp_fu_73">
<pin_list>
<pin id="74" dir="0" index="0" bw="8" slack="0"/>
<pin id="75" dir="0" index="1" bw="32" slack="0"/>
<pin id="76" dir="0" index="2" bw="6" slack="0"/>
<pin id="77" dir="0" index="3" bw="6" slack="0"/>
<pin id="78" dir="1" index="4" bw="8" slack="0"/>
</pin_list>
<bind>
<opcode="partselect(1002) " fcode="partselect"/>
<opset="tmp/4 "/>
</bind>
</comp>

<comp id="83" class="1004" name="trunc_ln32_fu_83">
<pin_list>
<pin id="84" dir="0" index="0" bw="32" slack="0"/>
<pin id="85" dir="1" index="1" bw="23" slack="0"/>
</pin_list>
<bind>
<opcode="trunc(33) " fcode="trunc"/>
<opset="trunc_ln32/4 "/>
</bind>
</comp>

<comp id="87" class="1004" name="icmp_ln32_fu_87">
<pin_list>
<pin id="88" dir="0" index="0" bw="8" slack="0"/>
<pin id="89" dir="0" index="1" bw="1" slack="0"/>
<pin id="90" dir="1" index="2" bw="1" slack="0"/>
</pin_list>
<bind>
<opcode="icmp(45) " fcode="icmp"/>
<opset="icmp_ln32/4 "/>
</bind>
</comp>

<comp id="93" class="1004" name="icmp_ln32_1_fu_93">
<pin_list>
<pin id="94" dir="0" index="0" bw="23" slack="0"/>
<pin id="95" dir="0" index="1" bw="1" slack="0"/>
<pin id="96" dir="1" index="2" bw="1" slack="0"/>
</pin_list>
<bind>
<opcode="icmp(45) " fcode="icmp"/>
<opset="icmp_ln32_1/4 "/>
</bind>
</comp>

<comp id="99" class="1004" name="or_ln32_fu_99">
<pin_list>
<pin id="100" dir="0" index="0" bw="1" slack="0"/>
<pin id="101" dir="0" index="1" bw="1" slack="0"/>
<pin id="102" dir="1" index="2" bw="1" slack="0"/>
</pin_list>
<bind>
<opcode="or(24) " fcode="or"/>
<opset="or_ln32/4 "/>
</bind>
</comp>

<comp id="105" class="1004" name="and_ln32_fu_105">
<pin_list>
<pin id="106" dir="0" index="0" bw="1" slack="0"/>
<pin id="107" dir="0" index="1" bw="1" slack="1"/>
<pin id="108" dir="1" index="2" bw="1" slack="0"/>
</pin_list>
<bind>
<opcode="and(23) " fcode="and"/>
<opset="and_ln32/4 "/>
</bind>
</comp>

<comp id="110" class="1004" name="xor_ln33_fu_110">
<pin_list>
<pin id="111" dir="0" index="0" bw="32" slack="0"/>
<pin id="112" dir="0" index="1" bw="32" slack="0"/>
<pin id="113" dir="1" index="2" bw="32" slack="0"/>
</pin_list>
<bind>
<opcode="xor(25) " fcode="xor"/>
<opset="xor_ln33/4 "/>
</bind>
</comp>

<comp id="116" class="1004" name="bitcast_ln33_fu_116">
<pin_list>
<pin id="117" dir="0" index="0" bw="32" slack="0"/>
<pin id="118" dir="1" index="1" bw="32" slack="0"/>
</pin_list>
<bind>
<opcode="bitcast(44) " fcode="bitcast"/>
<opset="bitcast_ln33/4 "/>
</bind>
</comp>

<comp id="120" class="1004" name="select_ln32_fu_120">
<pin_list>
<pin id="121" dir="0" index="0" bw="1" slack="0"/>
<pin id="122" dir="0" index="1" bw="32" slack="0"/>
<pin id="123" dir="0" index="2" bw="32" slack="3"/>
<pin id="124" dir="1" index="3" bw="32" slack="1"/>
</pin_list>
<bind>
<opcode="select(49) " fcode="select"/>
<opset="select_ln32/4 "/>
</bind>
</comp>

<comp id="127" class="1004" name="bitcast_ln40_fu_127">
<pin_list>
<pin id="128" dir="0" index="0" bw="32" slack="1"/>
<pin id="129" dir="1" index="1" bw="32" slack="0"/>
</pin_list>
<bind>
<opcode="bitcast(44) " fcode="bitcast"/>
<opset="bitcast_ln40/5 "/>
</bind>
</comp>

<comp id="130" class="1004" name="tmp_2_fu_130">
<pin_list>
<pin id="131" dir="0" index="0" bw="8" slack="0"/>
<pin id="132" dir="0" index="1" bw="32" slack="0"/>
<pin id="133" dir="0" index="2" bw="6" slack="0"/>
<pin id="134" dir="0" index="3" bw="6" slack="0"/>
<pin id="135" dir="1" index="4" bw="8" slack="0"/>
</pin_list>
<bind>
<opcode="partselect(1002) " fcode="partselect"/>
<opset="tmp_2/5 "/>
</bind>
</comp>

<comp id="140" class="1004" name="trunc_ln40_fu_140">
<pin_list>
<pin id="141" dir="0" index="0" bw="32" slack="0"/>
<pin id="142" dir="1" index="1" bw="23" slack="0"/>
</pin_list>
<bind>
<opcode="trunc(33) " fcode="trunc"/>
<opset="trunc_ln40/5 "/>
</bind>
</comp>

<comp id="144" class="1004" name="icmp_ln40_fu_144">
<pin_list>
<pin id="145" dir="0" index="0" bw="8" slack="0"/>
<pin id="146" dir="0" index="1" bw="1" slack="0"/>
<pin id="147" dir="1" index="2" bw="1" slack="2"/>
</pin_list>
<bind>
<opcode="icmp(45) " fcode="icmp"/>
<opset="icmp_ln40/5 "/>
</bind>
</comp>

<comp id="150" class="1004" name="icmp_ln40_1_fu_150">
<pin_list>
<pin id="151" dir="0" index="0" bw="23" slack="0"/>
<pin id="152" dir="0" index="1" bw="1" slack="0"/>
<pin id="153" dir="1" index="2" bw="1" slack="2"/>
</pin_list>
<bind>
<opcode="icmp(45) " fcode="icmp"/>
<opset="icmp_ln40_1/5 "/>
</bind>
</comp>

<comp id="156" class="1004" name="or_ln40_fu_156">
<pin_list>
<pin id="157" dir="0" index="0" bw="1" slack="2"/>
<pin id="158" dir="0" index="1" bw="1" slack="2"/>
<pin id="159" dir="1" index="2" bw="1" slack="0"/>
</pin_list>
<bind>
<opcode="or(24) " fcode="or"/>
<opset="or_ln40/7 "/>
</bind>
</comp>

<comp id="160" class="1004" name="and_ln40_fu_160">
<pin_list>
<pin id="161" dir="0" index="0" bw="1" slack="0"/>
<pin id="162" dir="0" index="1" bw="1" slack="0"/>
<pin id="163" dir="1" index="2" bw="1" slack="1"/>
</pin_list>
<bind>
<opcode="and(23) " fcode="and"/>
<opset="and_ln40/7 "/>
</bind>
</comp>

<comp id="166" class="1004" name="guard_variable_for_f_1_load_fu_166">
<pin_list>
<pin id="167" dir="0" index="0" bw="1" slack="0"/>
<pin id="168" dir="1" index="1" bw="1" slack="1"/>
</pin_list>
<bind>
<opcode="load(27) " fcode="load"/>
<opset="guard_variable_for_f_1/7 "/>
</bind>
</comp>

<comp id="170" class="1004" name="store_ln42_store_fu_170">
<pin_list>
<pin id="171" dir="0" index="0" bw="1" slack="0"/>
<pin id="172" dir="0" index="1" bw="1" slack="0"/>
<pin id="173" dir="1" index="2" bw="0" slack="2147483647"/>
</pin_list>
<bind>
<opcode="store(28) " fcode="store"/>
<opset="store_ln42/7 "/>
</bind>
</comp>

<comp id="176" class="1004" name="store_ln42_store_fu_176">
<pin_list>
<pin id="177" dir="0" index="0" bw="32" slack="0"/>
<pin id="178" dir="0" index="1" bw="32" slack="0"/>
<pin id="179" dir="1" index="2" bw="0" slack="2147483647"/>
</pin_list>
<bind>
<opcode="store(28) " fcode="store"/>
<opset="store_ln42/12 "/>
</bind>
</comp>

<comp id="182" class="1004" name="n_load_load_fu_182">
<pin_list>
<pin id="183" dir="0" index="0" bw="32" slack="0"/>
<pin id="184" dir="1" index="1" bw="32" slack="0"/>
</pin_list>
<bind>
<opcode="load(27) " fcode="load"/>
<opset="n_load/13 "/>
</bind>
</comp>

<comp id="187" class="1005" name="phi1_read_reg_187">
<pin_list>
<pin id="188" dir="0" index="0" bw="32" slack="1"/>
<pin id="189" dir="1" index="1" bw="32" slack="1"/>
</pin_list>
<bind>
<opset="phi1_read "/>
</bind>
</comp>

<comp id="197" class="1005" name="tmp_1_reg_197">
<pin_list>
<pin id="198" dir="0" index="0" bw="1" slack="1"/>
<pin id="199" dir="1" index="1" bw="1" slack="1"/>
</pin_list>
<bind>
<opset="tmp_1 "/>
</bind>
</comp>

<comp id="202" class="1005" name="select_ln32_reg_202">
<pin_list>
<pin id="203" dir="0" index="0" bw="32" slack="1"/>
<pin id="204" dir="1" index="1" bw="32" slack="1"/>
</pin_list>
<bind>
<opset="select_ln32 "/>
</bind>
</comp>

<comp id="208" class="1005" name="icmp_ln40_reg_208">
<pin_list>
<pin id="209" dir="0" index="0" bw="1" slack="2"/>
<pin id="210" dir="1" index="1" bw="1" slack="2"/>
</pin_list>
<bind>
<opset="icmp_ln40 "/>
</bind>
</comp>

<comp id="213" class="1005" name="icmp_ln40_1_reg_213">
<pin_list>
<pin id="214" dir="0" index="0" bw="1" slack="2"/>
<pin id="215" dir="1" index="1" bw="1" slack="2"/>
</pin_list>
<bind>
<opset="icmp_ln40_1 "/>
</bind>
</comp>

<comp id="218" class="1005" name="and_ln40_reg_218">
<pin_list>
<pin id="219" dir="0" index="0" bw="1" slack="1"/>
<pin id="220" dir="1" index="1" bw="1" slack="2147483647"/>
</pin_list>
<bind>
<opset="and_ln40 "/>
</bind>
</comp>

<comp id="222" class="1005" name="guard_variable_for_f_1_reg_222">
<pin_list>
<pin id="223" dir="0" index="0" bw="1" slack="1"/>
<pin id="224" dir="1" index="1" bw="1" slack="2147483647"/>
</pin_list>
<bind>
<opset="guard_variable_for_f_1 "/>
</bind>
</comp>

<comp id="226" class="1005" name="n_load_reg_226">
<pin_list>
<pin id="227" dir="0" index="0" bw="32" slack="1"/>
<pin id="228" dir="1" index="1" bw="32" slack="1"/>
</pin_list>
<bind>
<opset="n_load "/>
</bind>
</comp>

<comp id="231" class="1005" name="tmp_3_i_reg_231">
<pin_list>
<pin id="232" dir="0" index="0" bw="32" slack="1"/>
<pin id="233" dir="1" index="1" bw="32" slack="1"/>
</pin_list>
<bind>
<opset="tmp_3_i "/>
</bind>
</comp>

<comp id="236" class="1005" name="tmp_4_i_reg_236">
<pin_list>
<pin id="237" dir="0" index="0" bw="32" slack="1"/>
<pin id="238" dir="1" index="1" bw="32" slack="1"/>
</pin_list>
<bind>
<opset="tmp_4_i "/>
</bind>
</comp>

</comp_list>

<net_list>
<net id="34"><net_src comp="6" pin="0"/><net_sink comp="30" pin=0"/></net>

<net id="35"><net_src comp="0" pin="0"/><net_sink comp="30" pin=1"/></net>

<net id="53"><net_src comp="24" pin="0"/><net_sink comp="49" pin=1"/></net>

<net id="58"><net_src comp="28" pin="0"/><net_sink comp="54" pin=1"/></net>

<net id="63"><net_src comp="30" pin="2"/><net_sink comp="59" pin=0"/></net>

<net id="64"><net_src comp="8" pin="0"/><net_sink comp="59" pin=1"/></net>

<net id="69"><net_src comp="22" pin="0"/><net_sink comp="65" pin=1"/></net>

<net id="79"><net_src comp="10" pin="0"/><net_sink comp="73" pin=0"/></net>

<net id="80"><net_src comp="70" pin="1"/><net_sink comp="73" pin=1"/></net>

<net id="81"><net_src comp="12" pin="0"/><net_sink comp="73" pin=2"/></net>

<net id="82"><net_src comp="14" pin="0"/><net_sink comp="73" pin=3"/></net>

<net id="86"><net_src comp="70" pin="1"/><net_sink comp="83" pin=0"/></net>

<net id="91"><net_src comp="73" pin="4"/><net_sink comp="87" pin=0"/></net>

<net id="92"><net_src comp="16" pin="0"/><net_sink comp="87" pin=1"/></net>

<net id="97"><net_src comp="83" pin="1"/><net_sink comp="93" pin=0"/></net>

<net id="98"><net_src comp="18" pin="0"/><net_sink comp="93" pin=1"/></net>

<net id="103"><net_src comp="93" pin="2"/><net_sink comp="99" pin=0"/></net>

<net id="104"><net_src comp="87" pin="2"/><net_sink comp="99" pin=1"/></net>

<net id="109"><net_src comp="99" pin="2"/><net_sink comp="105" pin=0"/></net>

<net id="114"><net_src comp="70" pin="1"/><net_sink comp="110" pin=0"/></net>

<net id="115"><net_src comp="20" pin="0"/><net_sink comp="110" pin=1"/></net>

<net id="119"><net_src comp="110" pin="2"/><net_sink comp="116" pin=0"/></net>

<net id="125"><net_src comp="105" pin="2"/><net_sink comp="120" pin=0"/></net>

<net id="126"><net_src comp="116" pin="1"/><net_sink comp="120" pin=1"/></net>

<net id="136"><net_src comp="10" pin="0"/><net_sink comp="130" pin=0"/></net>

<net id="137"><net_src comp="127" pin="1"/><net_sink comp="130" pin=1"/></net>

<net id="138"><net_src comp="12" pin="0"/><net_sink comp="130" pin=2"/></net>

<net id="139"><net_src comp="14" pin="0"/><net_sink comp="130" pin=3"/></net>

<net id="143"><net_src comp="127" pin="1"/><net_sink comp="140" pin=0"/></net>

<net id="148"><net_src comp="130" pin="4"/><net_sink comp="144" pin=0"/></net>

<net id="149"><net_src comp="16" pin="0"/><net_sink comp="144" pin=1"/></net>

<net id="154"><net_src comp="140" pin="1"/><net_sink comp="150" pin=0"/></net>

<net id="155"><net_src comp="18" pin="0"/><net_sink comp="150" pin=1"/></net>

<net id="164"><net_src comp="156" pin="2"/><net_sink comp="160" pin=0"/></net>

<net id="165"><net_src comp="65" pin="2"/><net_sink comp="160" pin=1"/></net>

<net id="169"><net_src comp="2" pin="0"/><net_sink comp="166" pin=0"/></net>

<net id="174"><net_src comp="26" pin="0"/><net_sink comp="170" pin=0"/></net>

<net id="175"><net_src comp="2" pin="0"/><net_sink comp="170" pin=1"/></net>

<net id="180"><net_src comp="49" pin="2"/><net_sink comp="176" pin=0"/></net>

<net id="181"><net_src comp="4" pin="0"/><net_sink comp="176" pin=1"/></net>

<net id="185"><net_src comp="4" pin="0"/><net_sink comp="182" pin=0"/></net>

<net id="186"><net_src comp="182" pin="1"/><net_sink comp="54" pin=0"/></net>

<net id="190"><net_src comp="30" pin="2"/><net_sink comp="187" pin=0"/></net>

<net id="191"><net_src comp="187" pin="1"/><net_sink comp="59" pin=0"/></net>

<net id="192"><net_src comp="187" pin="1"/><net_sink comp="70" pin=0"/></net>

<net id="193"><net_src comp="187" pin="1"/><net_sink comp="120" pin=2"/></net>

<net id="194"><net_src comp="187" pin="1"/><net_sink comp="49" pin=0"/></net>

<net id="195"><net_src comp="187" pin="1"/><net_sink comp="45" pin=0"/></net>

<net id="196"><net_src comp="187" pin="1"/><net_sink comp="39" pin=2"/></net>

<net id="200"><net_src comp="59" pin="2"/><net_sink comp="197" pin=0"/></net>

<net id="201"><net_src comp="197" pin="1"/><net_sink comp="105" pin=1"/></net>

<net id="205"><net_src comp="120" pin="3"/><net_sink comp="202" pin=0"/></net>

<net id="206"><net_src comp="202" pin="1"/><net_sink comp="127" pin=0"/></net>

<net id="207"><net_src comp="202" pin="1"/><net_sink comp="65" pin=0"/></net>

<net id="211"><net_src comp="144" pin="2"/><net_sink comp="208" pin=0"/></net>

<net id="212"><net_src comp="208" pin="1"/><net_sink comp="156" pin=1"/></net>

<net id="216"><net_src comp="150" pin="2"/><net_sink comp="213" pin=0"/></net>

<net id="217"><net_src comp="213" pin="1"/><net_sink comp="156" pin=0"/></net>

<net id="221"><net_src comp="160" pin="2"/><net_sink comp="218" pin=0"/></net>

<net id="225"><net_src comp="166" pin="1"/><net_sink comp="222" pin=0"/></net>

<net id="229"><net_src comp="182" pin="1"/><net_sink comp="226" pin=0"/></net>

<net id="230"><net_src comp="226" pin="1"/><net_sink comp="54" pin=0"/></net>

<net id="234"><net_src comp="54" pin="2"/><net_sink comp="231" pin=0"/></net>

<net id="235"><net_src comp="231" pin="1"/><net_sink comp="45" pin=1"/></net>

<net id="239"><net_src comp="45" pin="2"/><net_sink comp="236" pin=0"/></net>

<net id="240"><net_src comp="236" pin="1"/><net_sink comp="39" pin=0"/></net>

</net_list>

</model> 
---------------- Datapath Model END ------------------

* FSMD analyzer results:
  - Output states:
	Port: guard_variable_for_f | {7 }
	Port: n | {12 }
 - Input state : 
	Port: deltaPhiHLS<float> : phi1 | {1 }
	Port: deltaPhiHLS<float> : guard_variable_for_f | {7 }
	Port: deltaPhiHLS<float> : n | {13 }
  - Chain level:
	State 1
	State 2
	State 3
	State 4
		tmp : 1
		trunc_ln32 : 1
		icmp_ln32 : 2
		icmp_ln32_1 : 2
		or_ln32 : 3
		and_ln32 : 3
		xor_ln33 : 1
		bitcast_ln33 : 1
		select_ln32 : 3
	State 5
		tmp_2 : 1
		trunc_ln40 : 1
		icmp_ln40 : 2
		icmp_ln40_1 : 2
	State 6
	State 7
		and_ln40 : 1
		br_ln42 : 1
	State 8
	State 9
	State 10
	State 11
	State 12
		store_ln42 : 1
	State 13
		tmp_3_i : 1
	State 14
	State 15
	State 16
	State 17
	State 18
	State 19
	State 20
	State 21
	State 22
	State 23
	State 24
	State 25
	State 26
	State 27
	State 28
	State 29
		p_0_i : 1
		ret_ln48 : 2


============================================================
+ Verbose Summary: Datapath Resource usage 
============================================================

* Functional unit list:
|----------|----------------------|---------|---------|---------|
| Operation|    Functional Unit   |  DSP48E |    FF   |   LUT   |
|----------|----------------------|---------|---------|---------|
|   fmul   |       grp_fu_49      |    3    |   165   |   146   |
|          |       grp_fu_54      |    3    |   165   |   146   |
|----------|----------------------|---------|---------|---------|
|   fadd   |       grp_fu_45      |    2    |   365   |   238   |
|----------|----------------------|---------|---------|---------|
|   fcmp   |       grp_fu_59      |    0    |    66   |    72   |
|          |       grp_fu_65      |    0    |    66   |    72   |
|----------|----------------------|---------|---------|---------|
|          |    icmp_ln32_fu_87   |    0    |    0    |    11   |
|   icmp   |   icmp_ln32_1_fu_93  |    0    |    0    |    20   |
|          |   icmp_ln40_fu_144   |    0    |    0    |    11   |
|          |  icmp_ln40_1_fu_150  |    0    |    0    |    20   |
|----------|----------------------|---------|---------|---------|
|    xor   |    xor_ln33_fu_110   |    0    |    0    |    32   |
|----------|----------------------|---------|---------|---------|
|  select  |  select_ln32_fu_120  |    0    |    0    |    32   |
|----------|----------------------|---------|---------|---------|
|    or    |     or_ln32_fu_99    |    0    |    0    |    2    |
|          |    or_ln40_fu_156    |    0    |    0    |    2    |
|----------|----------------------|---------|---------|---------|
|    and   |    and_ln32_fu_105   |    0    |    0    |    2    |
|          |    and_ln40_fu_160   |    0    |    0    |    2    |
|----------|----------------------|---------|---------|---------|
|   read   | phi1_read_read_fu_30 |    0    |    0    |    0    |
|----------|----------------------|---------|---------|---------|
|partselect|       tmp_fu_73      |    0    |    0    |    0    |
|          |     tmp_2_fu_130     |    0    |    0    |    0    |
|----------|----------------------|---------|---------|---------|
|   trunc  |   trunc_ln32_fu_83   |    0    |    0    |    0    |
|          |   trunc_ln40_fu_140  |    0    |    0    |    0    |
|----------|----------------------|---------|---------|---------|
|   Total  |                      |    8    |   827   |   808   |
|----------|----------------------|---------|---------|---------|

Memories:
N/A

* Register list:
+------------------------------+--------+
|                              |   FF   |
+------------------------------+--------+
|       and_ln40_reg_218       |    1   |
|guard_variable_for_f_1_reg_222|    1   |
|      icmp_ln40_1_reg_213     |    1   |
|       icmp_ln40_reg_208      |    1   |
|        n_load_reg_226        |   32   |
|         p_0_i_reg_36         |   32   |
|       phi1_read_reg_187      |   32   |
|      select_ln32_reg_202     |   32   |
|         tmp_1_reg_197        |    1   |
|        tmp_3_i_reg_231       |   32   |
|        tmp_4_i_reg_236       |   32   |
+------------------------------+--------+
|             Total            |   197  |
+------------------------------+--------+

* Multiplexer (MUX) list: 
|-----------|------|------|------|--------||---------||---------|
|    Comp   |  Pin | Size |  BW  | S x BW ||  Delay  ||   LUT   |
|-----------|------|------|------|--------||---------||---------|
| grp_fu_54 |  p0  |   2  |  32  |   64   ||    9    |
| grp_fu_59 |  p0  |   2  |  32  |   64   ||    9    |
|-----------|------|------|------|--------||---------||---------|
|   Total   |      |      |      |   128  ||   1.67  ||    18   |
|-----------|------|------|------|--------||---------||---------|



* Summary:
+-----------+--------+--------+--------+--------+
|           | DSP48E |  Delay |   FF   |   LUT  |
+-----------+--------+--------+--------+--------+
|  Function |    8   |    -   |   827  |   808  |
|   Memory  |    -   |    -   |    -   |    -   |
|Multiplexer|    -   |    1   |    -   |   18   |
|  Register |    -   |    -   |   197  |    -   |
+-----------+--------+--------+--------+--------+
|   Total   |    8   |    1   |  1024  |   826  |
+-----------+--------+--------+--------+--------+
