#-----------------------------------------------------------
# Vivado v2019.1 (64-bit)
# SW Build 2552052 on Fri May 24 14:47:09 MDT 2019
# IP Build 2548770 on Fri May 24 18:01:18 MDT 2019
# Start of session at: Fri Jun 14 19:22:25 2019
# Process ID: 7533
# Current directory: /home/eepgmmg1/workspace/vivado_projects/hls_projects/HLS_LR/solution1/.autopilot/db/ip_tmp
# Command line: vivado  -notrace -mode batch -source run_vivado_gen_ip.tcl
# Log file: /home/eepgmmg1/workspace/vivado_projects/hls_projects/HLS_LR/solution1/.autopilot/db/ip_tmp/vivado.log
# Journal file: /home/eepgmmg1/workspace/vivado_projects/hls_projects/HLS_LR/solution1/.autopilot/db/ip_tmp/vivado.jou
#-----------------------------------------------------------
source run_vivado_gen_ip.tcl -notrace
create_project: Time (s): cpu = 00:00:03 ; elapsed = 00:00:08 . Memory (MB): peak = 1498.527 ; gain = 51.020 ; free physical = 965 ; free virtual = 14919
INFO: [IP_Flow 19-234] Refreshing IP repositories
INFO: [IP_Flow 19-1704] No user IP repositories specified
INFO: [IP_Flow 19-2313] Loaded Vivado IP repository '/home/eepgmmg1/Xilinx/Vivado/2019.1/data/ip'.
WARNING: [IP_Flow 19-4832] The IP name 'LR_top_ap_fadd_8_full_dsp_32' you have specified is long. The Windows operating system has path length limitations. It is recommended you use shorter names to reduce the likelihood of issues.
create_ip: Time (s): cpu = 00:00:02 ; elapsed = 00:00:07 . Memory (MB): peak = 1591.285 ; gain = 92.758 ; free physical = 901 ; free virtual = 14889
INFO: [IP_Flow 19-1686] Generating 'Synthesis' target for IP 'LR_top_ap_fadd_8_full_dsp_32'...
INFO: [IP_Flow 19-1686] Generating 'Simulation' target for IP 'LR_top_ap_fadd_8_full_dsp_32'...
WARNING: [IP_Flow 19-4832] The IP name 'LR_top_ap_fmul_4_max_dsp_32' you have specified is long. The Windows operating system has path length limitations. It is recommended you use shorter names to reduce the likelihood of issues.
INFO: [IP_Flow 19-1686] Generating 'Synthesis' target for IP 'LR_top_ap_fmul_4_max_dsp_32'...
INFO: [IP_Flow 19-1686] Generating 'Simulation' target for IP 'LR_top_ap_fmul_4_max_dsp_32'...
WARNING: [IP_Flow 19-4832] The IP name 'LR_top_ap_faddfsub_8_full_dsp_32' you have specified is long. The Windows operating system has path length limitations. It is recommended you use shorter names to reduce the likelihood of issues.
INFO: [IP_Flow 19-1686] Generating 'Synthesis' target for IP 'LR_top_ap_faddfsub_8_full_dsp_32'...
INFO: [IP_Flow 19-1686] Generating 'Simulation' target for IP 'LR_top_ap_faddfsub_8_full_dsp_32'...
WARNING: [IP_Flow 19-4832] The IP name 'LR_top_ap_fcmp_1_no_dsp_32' you have specified is long. The Windows operating system has path length limitations. It is recommended you use shorter names to reduce the likelihood of issues.
INFO: [IP_Flow 19-1686] Generating 'Synthesis' target for IP 'LR_top_ap_fcmp_1_no_dsp_32'...
INFO: [IP_Flow 19-1686] Generating 'Simulation' target for IP 'LR_top_ap_fcmp_1_no_dsp_32'...
WARNING: [IP_Flow 19-4832] The IP name 'LR_top_ap_fsub_8_full_dsp_32' you have specified is long. The Windows operating system has path length limitations. It is recommended you use shorter names to reduce the likelihood of issues.
INFO: [IP_Flow 19-1686] Generating 'Synthesis' target for IP 'LR_top_ap_fsub_8_full_dsp_32'...
INFO: [IP_Flow 19-1686] Generating 'Simulation' target for IP 'LR_top_ap_fsub_8_full_dsp_32'...
WARNING: [IP_Flow 19-4832] The IP name 'LR_top_ap_fdiv_28_no_dsp_32' you have specified is long. The Windows operating system has path length limitations. It is recommended you use shorter names to reduce the likelihood of issues.
INFO: [IP_Flow 19-1686] Generating 'Synthesis' target for IP 'LR_top_ap_fdiv_28_no_dsp_32'...
INFO: [IP_Flow 19-1686] Generating 'Simulation' target for IP 'LR_top_ap_fdiv_28_no_dsp_32'...
INFO: [Common 17-206] Exiting Vivado at Fri Jun 14 19:23:08 2019...
